{"message":"server on port 3000","level":"info"}
{"message":"server on port 3000","level":"info"}
{"message":"server on port 3000","level":"info"}
{"message":"server on port 3000","level":"info"}
{"message":"server on port 3000","level":"info"}
{"message":"server on port 3000","level":"info"}
{"message":"server on port 3000","level":"info"}
{"message":"server on port 3000","level":"info"}
{"message":"server on port 3000","level":"info"}
{"message":"server on port 3000","level":"info"}
{"message":"server on port 3000","level":"info"}
{"message":"server on port 3000","level":"info"}
{"message":"server on port 3000","level":"info"}
{"message":"server on port 3000","level":"info"}
{"message":"server on port 3000","level":"info"}
{"message":"server on port 3000","level":"info"}
{"message":"server on port 3000","level":"info"}
{"message":"server on port 3000","level":"info"}
{"message":"server on port 3000","level":"info"}
{"message":"server on port 3000","level":"info"}
{"message":"server on port 3000","level":"info"}
{"message":"server on port 3000","level":"info"}
{"message":"server on port 3000","level":"info"}
{"message":"server on port 3000","level":"info"}
{"message":"server on port 3000","level":"info"}
{"message":"server on port 3000","level":"info"}
{"message":"server on port 3000","level":"info"}
{"message":"server on port 3000","level":"info"}
{"message":"server on port 3000","level":"info"}
{"message":"server on port 3000","level":"info"}
{"message":"server on port 3000","level":"info"}
{"message":"server on port 3000","level":"info"}
{"message":"server on port 3000","level":"info"}
{"message":"server on port 3000","level":"info"}
{"message":"server on port 3000","level":"info"}
{"message":"server on port 3000","level":"info"}
{"message":"server on port 3000","level":"info"}
{"message":"server on port 3000","level":"info"}
{"message":"server on port 3000","level":"info"}
{"message":"server on port 3000","level":"info"}
{"message":"server on port 3000","level":"info"}
{"message":"server on port 3000","level":"info"}
{"message":"server on port 3000","level":"info"}
{"message":"server on port 3000","level":"info"}
{"message":"server on port 3000","level":"info"}
{"message":"server on port 3000","level":"info"}
{"message":"server on port 3000","level":"info"}
{"message":"server on port 3000","level":"info"}
{"message":"server on port 3000","level":"info"}
{"message":"server on port 3000","level":"info"}
{"message":"server on port 3000","level":"info"}
{"message":"server on port 3000","level":"info"}
{"message":"server on port 3000","level":"info"}
{"message":"server on port 3000","level":"info"}
{"message":"server on port 3000","level":"info"}
{"message":"server on port 3000","level":"info"}
{"message":"server on port 3000","level":"info"}
{"message":"server on port 3000","level":"info"}
{"message":"server on port 3000","level":"info"}
{"message":"server on port 3000","level":"info"}
{"message":"server on port 3000","level":"info"}
{"message":"server on port 3000","level":"info"}
{"message":"server on port 3000","level":"info"}
{"message":"server on port 3000","level":"info"}
{"message":"server on port 3000","level":"info"}
{"message":"server on port 3000","level":"info"}
{"message":"server on port 3000","level":"info"}
{"message":"server on port 3000","level":"info"}
{"message":"server on port 3000","level":"info"}
{"message":"server on port 3000","level":"info"}
{"message":"server on port 3000","level":"info"}
{"message":"server on port 3000","level":"info"}
{"message":"server on port 3000","level":"info"}
{"message":"server on port 3000","level":"info"}
{"message":"server on port 3000","level":"info"}
{"message":"server on port 3000","level":"info"}
{"message":"server on port 3000","level":"info"}
{"message":"server on port 3000","level":"info"}
{"message":"server on port 3000","level":"info"}
{"message":"server on port 3000","level":"info"}
{"message":"server on port 3000","level":"info"}
{"message":"server on port 3000","level":"info"}
{"message":"server on port 3000","level":"info"}
{"message":"server on port 3000","level":"info"}
{"message":"server on port 3000","level":"info"}
{"message":"server on port 3000","level":"info"}
{"message":"server on port 3000","level":"info"}
{"message":"server on port 3000","level":"info"}
{"message":"server on port 3000","level":"info"}
{"message":"server on port 3000","level":"info"}
{"message":"server on port 3000","level":"info"}
{"message":"server on port 3000","level":"info"}
{"message":"server on port 3000","level":"info"}
{"message":"server on port 3000","level":"info"}
{"message":"server on port 3000","level":"info"}
{"message":"server on port 3000","level":"info"}
{"message":"server on port 3000","level":"info"}
{"message":"server on port 3000","level":"info"}
{"message":"server on port 3000","level":"info"}
{"message":"server on port 3000","level":"info"}
{"message":"server on port 3000","level":"info"}
{"message":"server on port 3000","level":"info"}
{"message":"server on port 3000","level":"info"}
{"message":"server on port 3000","level":"info"}
{"message":"server on port 3000","level":"info"}
{"message":"server on port 3000","level":"info"}
{"message":"server on port 3000","level":"info"}
{"message":"server on port 3000","level":"info"}
{"message":"server on port 3000","level":"info"}
{"message":"server on port 3000","level":"info"}
{"message":"server on port 3000","level":"info"}
{"message":"server on port 3000","level":"info"}
{"message":"server on port 3000","level":"info"}
{"message":"server on port 3000","level":"info"}
{"message":"server on port 3000","level":"info"}
{"message":"server on port 3000","level":"info"}
{"message":"server on port 3000","level":"info"}
{"message":"server on port 3000","level":"info"}
{"message":"server on port 3000","level":"info"}
{"message":"server on port 3000","level":"info"}
{"message":"server on port 3000","level":"info"}
{"message":"server on port 3000","level":"info"}
{"message":"server on port 3000","level":"info"}
{"message":"server on port 3000","level":"info"}
{"message":"server on port 3000","level":"info"}
{"message":"server on port 3000","level":"info"}
{"message":"server on port 3000","level":"info"}
{"message":"server on port 3000","level":"info"}
{"message":"server on port 3000","level":"info"}
{"message":"server on port 3000","level":"info"}
{"message":"server on port 3000","level":"info"}
{"message":"server on port 3000","level":"info"}
{"message":"server on port 3000","level":"info"}
{"message":"server on port 3000","level":"info"}
{"message":"server on port 3000","level":"info"}
{"message":"server on port 3000","level":"info"}
{"message":"server on port 3000","level":"info"}
{"message":"server on port 3000","level":"info"}
{"message":"server on port 3000","level":"info"}
{"message":"server on port undefined","level":"info"}
{"message":"server on port 3000","level":"info"}
{"message":"server on port 3000","level":"info"}
{"message":"server on port 3000","level":"info"}
{"message":"server on port 3000","level":"info"}
{"message":"server on port 3000","level":"info"}
{"message":"server on port 3000","level":"info"}
{"message":"server on port 3000","level":"info"}
{"message":"server on port 3000","level":"info"}
{"message":"server on port 3000","level":"info"}
{"message":"server on port 3000","level":"info"}
{"message":"server on port 3000","level":"info"}
{"message":"server on port 3000","level":"info"}
{"message":"server on port 3000","level":"info"}
{"message":"server on port 3000","level":"info"}
{"message":"server on port 3000","level":"info"}
{"message":"server on port 3000","level":"info"}
{"message":"server on port 3000","level":"info"}
{"message":"server on port 3000","level":"info"}
{"message":"server on port 3000","level":"info"}
{"message":"server on port 3000","level":"info"}
{"message":"server on port 3000","level":"info"}
{"message":"server on port 3000","level":"info"}
{"message":"server on port 3000","level":"info"}
{"message":"server on port 3000","level":"info"}
{"message":"server on port 3000","level":"info"}
{"message":"server on port 3000","level":"info"}
{"message":"server on port 3000","level":"info"}
{"message":"server on port 3000","level":"info"}
{"message":"server on port 3000","level":"info"}
{"message":"server on port 3000","level":"info"}
{"message":"server on port 3000","level":"info"}
{"message":"server on port 3000","level":"info"}
{"message":"server on port 3000","level":"info"}
{"message":"server on port 3000","level":"info"}
{"message":"server on port 3000","level":"info"}
{"message":"server on port 3000","level":"info"}
{"message":"server on port 3000","level":"info"}
{"message":"server on port 3000","level":"info"}
{"message":"server on port 3000","level":"info"}
{"message":"server on port 3000","level":"info"}
{"message":"server on port 3000","level":"info"}
{"message":"server on port 3000","level":"info"}
{"message":"server on port 3000","level":"info"}
{"message":"server on port 3000","level":"info"}
{"message":"server on port 3000","level":"info"}
{"message":"server on port 3000","level":"info"}
{"message":"server on port 3000","level":"info"}
{"message":"server on port 3000","level":"info"}
{"message":"server on port 3000","level":"info"}
{"message":"server on port 3000","level":"info"}
{"message":"server on port 3000","level":"info"}
{"message":"server on port 3000","level":"info"}
{"message":"server on port 3000","level":"info"}
{"message":"server on port 3000","level":"info"}
{"message":"server on port 3000","level":"info"}
{"message":"server on port 3000","level":"info"}
{"message":"server on port 3000","level":"info"}
{"message":"server on port 3000","level":"info"}
{"message":"server on port 3000","level":"info"}
{"message":"server on port 3000","level":"info"}
{"message":"server on port 3000","level":"info"}
{"message":"server on port 3000","level":"info"}
{"message":"server on port 3000","level":"info"}
{"message":"server on port 3000","level":"info"}
{"message":"server on port 3000","level":"info"}
{"message":"server on port 3000","level":"info"}
{"message":"server on port 3000","level":"info"}
{"message":"server on port 3000","level":"info"}
{"message":"server on port 3000","level":"info"}
{"message":"server on port 3000","level":"info"}
{"message":"server on port 3000","level":"info"}
{"message":"server on port 3000","level":"info"}
{"message":"server on port 3000","level":"info"}
{"message":"server on port 3000","level":"info"}
{"message":"server on port 3000","level":"info"}
{"message":"server on port 3000","level":"info"}
{"message":"server on port 3000","level":"info"}
{"message":"server on port 3000","level":"info"}
{"message":"server on port 3000","level":"info"}
{"message":"server on port 3000","level":"info"}
{"message":"server on port 3000","level":"info"}
{"message":"server on port 3000","level":"info"}
{"message":"server on port 3000","level":"info"}
{"message":"server on port 3000","level":"info"}
{"message":"server on port 3000","level":"info"}
{"message":"server on port 3000","level":"info"}
{"message":"server on port 3000","level":"info"}
{"message":"server on port 3000","level":"info"}
{"message":"server on port 3000","level":"info"}
{"message":"server on port 3000","level":"info"}
{"message":"server on port 3000","level":"info"}
{"message":"server on port 3000","level":"info"}
{"message":"server on port 3000","level":"info"}
{"message":"server on port 3000","level":"info"}
{"message":"server on port 3000","level":"info"}
{"message":"server on port 3000","level":"info"}
{"message":"server on port 3000","level":"info"}
{"message":"server on port 3000","level":"info"}
{"message":"server on port 3000","level":"info"}
{"message":"server on port 3000","level":"info"}
{"message":"server on port 3000","level":"info"}
{"message":"server on port 3000","level":"info"}
{"message":"server on port 3000","level":"info"}
{"message":"server on port 3000","level":"info"}
{"message":"server on port 3000","level":"info"}
{"errorCode":"NOT_FOUND","message":"Err: Provider not found.","level":"error"}
{"message":"Provider queried: [object Object]","level":"info"}
{"message":"Provider created: xyxy@gmail.com","level":"info"}
{"message":"Provider updated: xyxy@gmail.com","level":"info"}
{"message":"Provider deleted: xyxy@gmail.com","level":"info"}
{"message":"Provider queried: [object Object]","level":"info"}
{"message":"server on port 3000","level":"info"}
{"message":"One or more providers were queried successfully.","level":"info"}
{"message":"server on port 3000","level":"info"}
{"message":"server on port 3000","level":"info"}
{"message":"server on port 3000","level":"info"}
{"message":"server on port 3000","level":"info"}
{"message":"server on port 3000","level":"info"}
{"message":"server on port 3000","level":"info"}
{"level":"error"}
{"message":"server on port 3000","level":"info"}
{"message":"server on port 3000","level":"info"}
{"message":"One or more specialties of providers were queried successfully.","level":"info"}
{"level":"error"}
{"message":"server on port 3000","level":"info"}
{"message":"One or more specialties of providers were queried successfully.","level":"info"}
{"errorCode":"NOT_FOUND","message":"Err: Specialty of provider not found.","level":"error"}
{"message":"server on port 3000","level":"info"}
{"message":"One or more specialties of providers were queried successfully.","level":"info"}
{"message":"server on port 3000","level":"info"}
{"message":"server on port 3000","level":"info"}
{"message":"server on port 3000","level":"info"}
{"message":"server on port 3000","level":"info"}
{"message":"server on port 3000","level":"info"}
{"message":"server on port 3000","level":"info"}
{"message":"server on port 3000","level":"info"}
{"level":"error"}
{"message":"server on port 3000","level":"info"}
{"level":"error"}
{"message":"server on port 3000","level":"info"}
{"message":"Specialty created: Adolescent Medicine","level":"info"}
{"level":"error"}
{"message":"server on port 3000","level":"info"}
{"errorCode":"BAD_REQUEST","message":"Err: Missing input parameters.","level":"error"}
{"message":"Specialty created: Adolescent Medicine","level":"info"}
{"message":"server on port 3000","level":"info"}
{"message":"server on port 3000","level":"info"}
{"message":"server on port 3000","level":"info"}
{"message":"Specialty created: xxxxxxxxx","level":"info"}
{"message":"One or more specialties of providers were queried successfully.","level":"info"}
{"errorCode":"BAD_REQUEST","message":"Err: Missing input parameters.","level":"error"}
{"message":"server on port 3000","level":"info"}
{"message":"server on port 3000","level":"info"}
{"message":"server on port 3000","level":"info"}
{"message":"server on port 3000","level":"info"}
{"message":"server on port 3000","level":"info"}
{"message":"server on port 3000","level":"info"}
{"message":"server on port 3000","level":"info"}
{"message":"server on port 3000","level":"info"}
{"level":"error"}
{"message":"server on port 3000","level":"info"}
{"message":"Provider updated: undefined","level":"info"}
{"message":"One or more specialties of providers were queried successfully.","level":"info"}
{"errorCode":"NOT_FOUND","message":"Err: Specialty not found.","level":"error"}
{"message":"server on port 3000","level":"info"}
{"errorCode":"BAD_REQUEST","message":"Err: Specialty not updated in MongoDB check that name exists within data.","level":"error"}
{"message":"Provider updated: undefined","level":"info"}
{"message":"server on port 3000","level":"info"}
{"message":"server on port 3000","level":"info"}
{"message":"server on port 3000","level":"info"}
{"message":"server on port 3000","level":"info"}
{"message":"server on port 3000","level":"info"}
{"message":"server on port 3000","level":"info"}
{"level":"error"}
{"message":"server on port 3000","level":"info"}
{"level":"error"}
{"message":"server on port 3000","level":"info"}
{"errorCode":"NOT_FOUND","message":"Err: Specialty not found within database for deletion.","level":"error"}
{"message":"One or more specialties of providers were queried successfully.","level":"info"}
{"errorCode":"NOT_FOUND","message":"Err: Specialty not found within database for deletion.","level":"error"}
{"message":"server on port 3000","level":"info"}
{"message":"Specialty deleted: xxxxxxxxx","level":"info"}
{"errorCode":"NOT_FOUND","message":"Err: Specialty of provider not found.","level":"error"}
{"errorCode":"NOT_FOUND","message":"Err: Specialty not found within database for deletion.","level":"error"}
{"message":"server on port 3000","level":"info"}
{"message":"server on port 3000","level":"info"}
{"message":"Provider created: xyxy@gmail.com","level":"info"}
{"errorCode":"BAD_REQUEST","message":"Err: Missing input parameters.","level":"error"}
{"message":"One or more providers were queried successfully.","level":"info"}
{"message":"One or more providers were queried successfully.","level":"info"}
{"errorCode":"NOT_FOUND","message":"Err: Provider not found.","level":"error"}
{"message":"Provider updated: xyxy@gmail.com","level":"info"}
{"errorCode":"NOT_FOUND","message":"Err: Provider not found.","level":"error"}
{"errorCode":"BAD_REQUEST","message":"Err: Provider not updated in MongoDB check that email exists within data.","level":"error"}
{"message":"Provider deleted: xyxy@gmail.com","level":"info"}
{"errorCode":"NOT_FOUND","message":"Err: Provider not found within database for deletion.","level":"error"}
{"message":"server on port 3000","level":"info"}
{"errorCode":"NOT_FOUND","message":"Err: Specialty of provider not found.","level":"error"}
{"message":"One or more specialties of providers were queried successfully.","level":"info"}
{"message":"server on port 3000","level":"info"}
{"message":"server on port 3000","level":"info"}
{"message":"server on port 3000","level":"info"}
{"message":"Provider created: xyxy@gmail.com","level":"info"}
{"errorCode":"BAD_REQUEST","message":"Err: Missing input parameters.","level":"error"}
{"message":"One or more providers were queried successfully.","level":"info"}
{"message":"One or more providers were queried successfully.","level":"info"}
{"errorCode":"NOT_FOUND","message":"Err: Provider not found.","level":"error"}
{"message":"Provider updated: xyxy@gmail.com","level":"info"}
{"errorCode":"NOT_FOUND","message":"Err: Provider not found.","level":"error"}
{"errorCode":"BAD_REQUEST","message":"Err: Provider not updated in MongoDB check that email exists within data.","level":"error"}
{"message":"Provider deleted: xyxy@gmail.com","level":"info"}
{"errorCode":"NOT_FOUND","message":"Err: Provider not found within database for deletion.","level":"error"}
{"message":"server on port 3000","level":"info"}
{"errorCode":"NOT_FOUND","message":"Err: Specialty of provider not found.","level":"error"}
{"message":"server on port 3000","level":"info"}
{"message":"Provider created: xyxy@gmail.com","level":"info"}
{"errorCode":"BAD_REQUEST","message":"Err: Missing input parameters.","level":"error"}
{"message":"One or more providers were queried successfully.","level":"info"}
{"message":"One or more providers were queried successfully.","level":"info"}
{"errorCode":"NOT_FOUND","message":"Err: Provider not found.","level":"error"}
{"message":"Provider updated: xyxy@gmail.com","level":"info"}
{"errorCode":"NOT_FOUND","message":"Err: Provider not found.","level":"error"}
{"errorCode":"BAD_REQUEST","message":"Err: Provider not updated in MongoDB check that email exists within data.","level":"error"}
{"message":"Provider deleted: xyxy@gmail.com","level":"info"}
{"errorCode":"NOT_FOUND","message":"Err: Provider not found within database for deletion.","level":"error"}
{"message":"Specialty created: xxxxxxxxx","level":"info"}
{"errorCode":"BAD_REQUEST","message":"Err: Missing input parameters.","level":"error"}
{"message":"One or more specialties of providers were queried successfully.","level":"info"}
{"message":"One or more specialties of providers were queried successfully.","level":"info"}
{"errorCode":"NOT_FOUND","message":"Err: Specialty of provider not found.","level":"error"}
{"message":"Specialty updated: xxxxxxxxx","level":"info"}
{"errorCode":"NOT_FOUND","message":"Err: Specialty not found.","level":"error"}
{"errorCode":"BAD_REQUEST","message":"Err: Specialty not updated in MongoDB check that name exists within data.","level":"error"}
{"message":"Specialty deleted: xxxxxxxxx","level":"info"}
{"errorCode":"NOT_FOUND","message":"Err: Specialty not found within database for deletion.","level":"error"}
{"message":"server on port 3000","level":"info"}
{"message":"One or more specialties of providers were queried successfully.","level":"info"}
{"message":"server on port 3000","level":"info"}
{"message":"server on port 3000","level":"info"}
{"message":"Provider created: xyxy@gmail.com","level":"info"}
{"errorCode":"BAD_REQUEST","message":"Err: Missing input parameters.","level":"error"}
{"message":"One or more providers were queried successfully.","level":"info"}
{"message":"One or more providers were queried successfully.","level":"info"}
{"errorCode":"NOT_FOUND","message":"Err: Provider not found.","level":"error"}
{"message":"Provider updated: xyxy@gmail.com","level":"info"}
{"errorCode":"NOT_FOUND","message":"Err: Provider not found.","level":"error"}
{"errorCode":"BAD_REQUEST","message":"Err: Provider not updated in MongoDB check that email exists within data.","level":"error"}
{"message":"Provider deleted: xyxy@gmail.com","level":"info"}
{"errorCode":"NOT_FOUND","message":"Err: Provider not found within database for deletion.","level":"error"}
{"message":"Specialty created: xxxxxxxxx","level":"info"}
{"errorCode":"BAD_REQUEST","message":"Err: Missing input parameters.","level":"error"}
{"message":"One or more specialties of providers were queried successfully.","level":"info"}
{"message":"One or more specialties of providers were queried successfully.","level":"info"}
{"errorCode":"NOT_FOUND","message":"Err: Specialty of provider not found.","level":"error"}
{"message":"Specialty updated: xxxxxxxxx","level":"info"}
{"errorCode":"NOT_FOUND","message":"Err: Specialty not found.","level":"error"}
{"errorCode":"BAD_REQUEST","message":"Err: Specialty not updated in MongoDB check that name exists within data.","level":"error"}
{"message":"Specialty deleted: xxxxxxxxx","level":"info"}
{"errorCode":"NOT_FOUND","message":"Err: Specialty not found within database for deletion.","level":"error"}
{"message":"server on port 3000","level":"info"}
{"message":"Provider created: xyxy@gmail.com","level":"info"}
{"errorCode":"BAD_REQUEST","message":"Err: Missing input parameters.","level":"error"}
{"message":"One or more providers were queried successfully.","level":"info"}
{"message":"One or more providers were queried successfully.","level":"info"}
{"errorCode":"NOT_FOUND","message":"Err: Provider not found.","level":"error"}
{"message":"Provider updated: xyxy@gmail.com","level":"info"}
{"errorCode":"NOT_FOUND","message":"Err: Provider not found.","level":"error"}
{"errorCode":"BAD_REQUEST","message":"Err: Provider not updated in MongoDB check that email exists within data.","level":"error"}
{"message":"Provider deleted: xyxy@gmail.com","level":"info"}
{"errorCode":"NOT_FOUND","message":"Err: Provider not found within database for deletion.","level":"error"}
{"message":"Specialty created: xxxxxxxxx","level":"info"}
{"errorCode":"BAD_REQUEST","message":"Err: Missing input parameters.","level":"error"}
{"message":"One or more specialties of providers were queried successfully.","level":"info"}
{"message":"One or more specialties of providers were queried successfully.","level":"info"}
{"errorCode":"NOT_FOUND","message":"Err: Specialty of provider not found.","level":"error"}
{"message":"Specialty updated: xxxxxxxxx","level":"info"}
{"errorCode":"NOT_FOUND","message":"Err: Specialty not found.","level":"error"}
{"errorCode":"BAD_REQUEST","message":"Err: Specialty not updated in MongoDB check that name exists within data.","level":"error"}
{"message":"Specialty deleted: xxxxxxxxx","level":"info"}
{"errorCode":"NOT_FOUND","message":"Err: Specialty not found within database for deletion.","level":"error"}
{"message":"server on port 3000","level":"info"}
{"message":"Provider created: xyxy@gmail.com","level":"info"}
{"errorCode":"BAD_REQUEST","message":"Err: Missing input parameters.","level":"error"}
{"message":"One or more providers were queried successfully.","level":"info"}
{"message":"One or more providers were queried successfully.","level":"info"}
{"errorCode":"NOT_FOUND","message":"Err: Provider not found.","level":"error"}
{"message":"Provider updated: xyxy@gmail.com","level":"info"}
{"errorCode":"NOT_FOUND","message":"Err: Provider not found.","level":"error"}
{"errorCode":"BAD_REQUEST","message":"Err: Provider not updated in MongoDB check that email exists within data.","level":"error"}
{"message":"Provider deleted: xyxy@gmail.com","level":"info"}
{"errorCode":"NOT_FOUND","message":"Err: Provider not found within database for deletion.","level":"error"}
{"message":"Specialty created: xxxxxxxxx","level":"info"}
{"errorCode":"BAD_REQUEST","message":"Err: Missing input parameters.","level":"error"}
{"message":"One or more specialties of providers were queried successfully.","level":"info"}
{"message":"One or more specialties of providers were queried successfully.","level":"info"}
{"errorCode":"NOT_FOUND","message":"Err: Specialty of provider not found.","level":"error"}
{"message":"Specialty updated: xxxxxxxxx","level":"info"}
{"errorCode":"NOT_FOUND","message":"Err: Specialty not found.","level":"error"}
{"errorCode":"BAD_REQUEST","message":"Err: Specialty not updated in MongoDB check that name exists within data.","level":"error"}
{"message":"Specialty deleted: xxxxxxxxx","level":"info"}
{"errorCode":"NOT_FOUND","message":"Err: Specialty not found within database for deletion.","level":"error"}
{"message":"server on port 3000","level":"info"}
{"message":"Provider created: xyxy@gmail.com","level":"info"}
{"errorCode":"BAD_REQUEST","message":"Err: Missing input parameters.","level":"error"}
{"message":"One or more providers were queried successfully.","level":"info"}
{"message":"One or more providers were queried successfully.","level":"info"}
{"errorCode":"NOT_FOUND","message":"Err: Provider not found.","level":"error"}
{"message":"Provider updated: xyxy@gmail.com","level":"info"}
{"errorCode":"NOT_FOUND","message":"Err: Provider not found.","level":"error"}
{"errorCode":"BAD_REQUEST","message":"Err: Provider not updated in MongoDB check that email exists within data.","level":"error"}
{"message":"Provider deleted: xyxy@gmail.com","level":"info"}
{"errorCode":"NOT_FOUND","message":"Err: Provider not found within database for deletion.","level":"error"}
{"message":"Specialty created: xxxxxxxxx","level":"info"}
{"errorCode":"BAD_REQUEST","message":"Err: Missing input parameters.","level":"error"}
{"message":"One or more specialties of providers were queried successfully.","level":"info"}
{"message":"One or more specialties of providers were queried successfully.","level":"info"}
{"errorCode":"NOT_FOUND","message":"Err: Specialty of provider not found.","level":"error"}
{"message":"Specialty updated: xxxxxxxxx","level":"info"}
{"errorCode":"NOT_FOUND","message":"Err: Specialty not found.","level":"error"}
{"errorCode":"BAD_REQUEST","message":"Err: Specialty not updated in MongoDB check that name exists within data.","level":"error"}
{"message":"Specialty deleted: xxxxxxxxx","level":"info"}
{"errorCode":"NOT_FOUND","message":"Err: Specialty not found within database for deletion.","level":"error"}
{"message":"server on port 3000","level":"info"}
{"message":"Provider created: xyxy@gmail.com","level":"info"}
{"errorCode":"BAD_REQUEST","message":"Err: Missing input parameters.","level":"error"}
{"message":"One or more providers were queried successfully.","level":"info"}
{"message":"One or more providers were queried successfully.","level":"info"}
{"errorCode":"NOT_FOUND","message":"Err: Provider not found.","level":"error"}
{"message":"Provider updated: xyxy@gmail.com","level":"info"}
{"errorCode":"NOT_FOUND","message":"Err: Provider not found.","level":"error"}
{"errorCode":"BAD_REQUEST","message":"Err: Provider not updated in MongoDB check that email exists within data.","level":"error"}
{"message":"Provider deleted: xyxy@gmail.com","level":"info"}
{"errorCode":"NOT_FOUND","message":"Err: Provider not found within database for deletion.","level":"error"}
{"message":"Specialty created: xxxxxxxxx","level":"info"}
{"errorCode":"BAD_REQUEST","message":"Err: Missing input parameters.","level":"error"}
{"message":"One or more specialties of providers were queried successfully.","level":"info"}
{"message":"One or more specialties of providers were queried successfully.","level":"info"}
{"errorCode":"NOT_FOUND","message":"Err: Specialty of provider not found.","level":"error"}
{"message":"Specialty updated: xxxxxxxxx","level":"info"}
{"errorCode":"NOT_FOUND","message":"Err: Specialty not found.","level":"error"}
{"errorCode":"BAD_REQUEST","message":"Err: Specialty not updated in MongoDB check that name exists within data.","level":"error"}
{"message":"Specialty deleted: xxxxxxxxx","level":"info"}
{"errorCode":"NOT_FOUND","message":"Err: Specialty not found within database for deletion.","level":"error"}
{"message":"server on port 3000","level":"info"}
{"message":"Provider created: xyxy@gmail.com","level":"info"}
{"errorCode":"BAD_REQUEST","message":"Err: Missing input parameters.","level":"error"}
{"message":"One or more providers were queried successfully.","level":"info"}
{"message":"One or more providers were queried successfully.","level":"info"}
{"errorCode":"NOT_FOUND","message":"Err: Provider not found.","level":"error"}
{"message":"Provider updated: xyxy@gmail.com","level":"info"}
{"errorCode":"NOT_FOUND","message":"Err: Provider not found.","level":"error"}
{"errorCode":"BAD_REQUEST","message":"Err: Provider not updated in MongoDB check that email exists within data.","level":"error"}
{"message":"Provider deleted: xyxy@gmail.com","level":"info"}
{"errorCode":"NOT_FOUND","message":"Err: Provider not found within database for deletion.","level":"error"}
{"message":"Specialty created: xxxxxxxxx","level":"info"}
{"errorCode":"BAD_REQUEST","message":"Err: Missing input parameters.","level":"error"}
{"message":"One or more specialties of providers were queried successfully.","level":"info"}
{"message":"One or more specialties of providers were queried successfully.","level":"info"}
{"errorCode":"NOT_FOUND","message":"Err: Specialty of provider not found.","level":"error"}
{"message":"Specialty updated: xxxxxxxxx","level":"info"}
{"errorCode":"NOT_FOUND","message":"Err: Specialty not found.","level":"error"}
{"errorCode":"BAD_REQUEST","message":"Err: Specialty not updated in MongoDB check that name exists within data.","level":"error"}
{"message":"Specialty deleted: xxxxxxxxx","level":"info"}
{"errorCode":"NOT_FOUND","message":"Err: Specialty not found within database for deletion.","level":"error"}
{"message":"server on port 3000","level":"info"}
{"message":"Provider created: xyxy@gmail.com","level":"info"}
{"errorCode":"BAD_REQUEST","message":"Err: Missing input parameters.","level":"error"}
{"message":"One or more providers were queried successfully.","level":"info"}
{"message":"One or more providers were queried successfully.","level":"info"}
{"errorCode":"NOT_FOUND","message":"Err: Provider not found.","level":"error"}
{"message":"Provider updated: xyxy@gmail.com","level":"info"}
{"errorCode":"NOT_FOUND","message":"Err: Provider not found.","level":"error"}
{"errorCode":"BAD_REQUEST","message":"Err: Provider not updated in MongoDB check that email exists within data.","level":"error"}
{"message":"Provider deleted: xyxy@gmail.com","level":"info"}
{"errorCode":"NOT_FOUND","message":"Err: Provider not found within database for deletion.","level":"error"}
{"message":"Specialty created: xxxxxxxxx","level":"info"}
{"errorCode":"BAD_REQUEST","message":"Err: Missing input parameters.","level":"error"}
{"message":"One or more specialties of providers were queried successfully.","level":"info"}
{"message":"One or more specialties of providers were queried successfully.","level":"info"}
{"errorCode":"NOT_FOUND","message":"Err: Specialty of provider not found.","level":"error"}
{"message":"Specialty updated: xxxxxxxxx","level":"info"}
{"errorCode":"NOT_FOUND","message":"Err: Specialty not found.","level":"error"}
{"errorCode":"BAD_REQUEST","message":"Err: Specialty not updated in MongoDB check that name exists within data.","level":"error"}
{"message":"Specialty deleted: xxxxxxxxx","level":"info"}
{"errorCode":"NOT_FOUND","message":"Err: Specialty not found within database for deletion.","level":"error"}
{"message":"server on port 3000","level":"info"}
{"message":"Provider created: xyxy@gmail.com","level":"info"}
{"errorCode":"BAD_REQUEST","message":"Err: Missing input parameters.","level":"error"}
{"message":"One or more providers were queried successfully.","level":"info"}
{"message":"One or more providers were queried successfully.","level":"info"}
{"errorCode":"NOT_FOUND","message":"Err: Provider not found.","level":"error"}
{"message":"Provider updated: xyxy@gmail.com","level":"info"}
{"errorCode":"NOT_FOUND","message":"Err: Provider not found.","level":"error"}
{"errorCode":"BAD_REQUEST","message":"Err: Provider not updated in MongoDB check that email exists within data.","level":"error"}
{"message":"Provider deleted: xyxy@gmail.com","level":"info"}
{"errorCode":"NOT_FOUND","message":"Err: Provider not found within database for deletion.","level":"error"}
{"message":"Specialty created: xxxxxxxxx","level":"info"}
{"errorCode":"BAD_REQUEST","message":"Err: Missing input parameters.","level":"error"}
{"message":"One or more specialties of providers were queried successfully.","level":"info"}
{"message":"One or more specialties of providers were queried successfully.","level":"info"}
{"errorCode":"NOT_FOUND","message":"Err: Specialty of provider not found.","level":"error"}
{"message":"Specialty updated: xxxxxxxxx","level":"info"}
{"errorCode":"NOT_FOUND","message":"Err: Specialty not found.","level":"error"}
{"errorCode":"BAD_REQUEST","message":"Err: Specialty not updated in MongoDB check that name exists within data.","level":"error"}
{"message":"Specialty deleted: xxxxxxxxx","level":"info"}
{"errorCode":"NOT_FOUND","message":"Err: Specialty not found within database for deletion.","level":"error"}
{"message":"server on port 3000","level":"info"}
{"message":"Provider created: xyxy@gmail.com","level":"info"}
{"errorCode":"BAD_REQUEST","message":"Err: Missing input parameters.","level":"error"}
{"message":"One or more providers were queried successfully.","level":"info"}
{"message":"One or more providers were queried successfully.","level":"info"}
{"errorCode":"NOT_FOUND","message":"Err: Provider not found.","level":"error"}
{"message":"Provider updated: xyxy@gmail.com","level":"info"}
{"errorCode":"NOT_FOUND","message":"Err: Provider not found.","level":"error"}
{"errorCode":"BAD_REQUEST","message":"Err: Provider not updated in MongoDB check that email exists within data.","level":"error"}
{"message":"Provider deleted: xyxy@gmail.com","level":"info"}
{"errorCode":"NOT_FOUND","message":"Err: Provider not found within database for deletion.","level":"error"}
{"message":"Specialty created: xxxxxxxxx","level":"info"}
{"errorCode":"BAD_REQUEST","message":"Err: Missing input parameters.","level":"error"}
{"message":"One or more specialties of providers were queried successfully.","level":"info"}
{"message":"One or more specialties of providers were queried successfully.","level":"info"}
{"errorCode":"NOT_FOUND","message":"Err: Specialty of provider not found.","level":"error"}
{"message":"Specialty updated: xxxxxxxxx","level":"info"}
{"errorCode":"NOT_FOUND","message":"Err: Specialty not found.","level":"error"}
{"errorCode":"BAD_REQUEST","message":"Err: Specialty not updated in MongoDB check that name exists within data.","level":"error"}
{"message":"Specialty deleted: xxxxxxxxx","level":"info"}
{"errorCode":"NOT_FOUND","message":"Err: Specialty not found within database for deletion.","level":"error"}
{"message":"server on port 3000","level":"info"}
{"message":"Provider created: xyxy@gmail.com","level":"info"}
{"errorCode":"BAD_REQUEST","message":"Err: Missing input parameters.","level":"error"}
{"message":"One or more providers were queried successfully.","level":"info"}
{"message":"One or more providers were queried successfully.","level":"info"}
{"errorCode":"NOT_FOUND","message":"Err: Provider not found.","level":"error"}
{"message":"Provider updated: xyxy@gmail.com","level":"info"}
{"errorCode":"NOT_FOUND","message":"Err: Provider not found.","level":"error"}
{"errorCode":"BAD_REQUEST","message":"Err: Provider not updated in MongoDB check that email exists within data.","level":"error"}
{"message":"Provider deleted: xyxy@gmail.com","level":"info"}
{"errorCode":"NOT_FOUND","message":"Err: Provider not found within database for deletion.","level":"error"}
{"message":"Specialty created: xxxxxxxxx","level":"info"}
{"errorCode":"BAD_REQUEST","message":"Err: Missing input parameters.","level":"error"}
{"message":"One or more specialties of providers were queried successfully.","level":"info"}
{"message":"One or more specialties of providers were queried successfully.","level":"info"}
{"errorCode":"NOT_FOUND","message":"Err: Specialty of provider not found.","level":"error"}
{"message":"Specialty updated: xxxxxxxxx","level":"info"}
{"errorCode":"NOT_FOUND","message":"Err: Specialty not found.","level":"error"}
{"errorCode":"BAD_REQUEST","message":"Err: Specialty not updated in MongoDB check that name exists within data.","level":"error"}
{"message":"Specialty deleted: xxxxxxxxx","level":"info"}
{"errorCode":"NOT_FOUND","message":"Err: Specialty not found within database for deletion.","level":"error"}
{"message":"server on port 3000","level":"info"}
{"message":"Provider created: xyxy@gmail.com","level":"info"}
{"errorCode":"BAD_REQUEST","message":"Err: Missing input parameters.","level":"error"}
{"message":"One or more providers were queried successfully.","level":"info"}
{"message":"One or more providers were queried successfully.","level":"info"}
{"errorCode":"NOT_FOUND","message":"Err: Provider not found.","level":"error"}
{"message":"Provider updated: xyxy@gmail.com","level":"info"}
{"errorCode":"NOT_FOUND","message":"Err: Provider not found.","level":"error"}
{"errorCode":"BAD_REQUEST","message":"Err: Provider not updated in MongoDB check that email exists within data.","level":"error"}
{"message":"Provider deleted: xyxy@gmail.com","level":"info"}
{"errorCode":"NOT_FOUND","message":"Err: Provider not found within database for deletion.","level":"error"}
{"message":"Specialty created: xxxxxxxxx","level":"info"}
{"errorCode":"BAD_REQUEST","message":"Err: Missing input parameters.","level":"error"}
{"message":"One or more specialties of providers were queried successfully.","level":"info"}
{"message":"One or more specialties of providers were queried successfully.","level":"info"}
{"errorCode":"NOT_FOUND","message":"Err: Specialty of provider not found.","level":"error"}
{"message":"Specialty updated: xxxxxxxxx","level":"info"}
{"errorCode":"NOT_FOUND","message":"Err: Specialty not found.","level":"error"}
{"errorCode":"BAD_REQUEST","message":"Err: Specialty not updated in MongoDB check that name exists within data.","level":"error"}
{"message":"Specialty deleted: xxxxxxxxx","level":"info"}
{"errorCode":"NOT_FOUND","message":"Err: Specialty not found within database for deletion.","level":"error"}
{"message":"server on port 3000","level":"info"}
{"message":"Provider created: xyxy@gmail.com","level":"info"}
{"errorCode":"BAD_REQUEST","message":"Err: Missing input parameters.","level":"error"}
{"message":"One or more providers were queried successfully.","level":"info"}
{"message":"One or more providers were queried successfully.","level":"info"}
{"errorCode":"NOT_FOUND","message":"Err: Provider not found.","level":"error"}
{"message":"Provider updated: xyxy@gmail.com","level":"info"}
{"errorCode":"NOT_FOUND","message":"Err: Provider not found.","level":"error"}
{"errorCode":"BAD_REQUEST","message":"Err: Provider not updated in MongoDB check that email exists within data.","level":"error"}
{"message":"Provider deleted: xyxy@gmail.com","level":"info"}
{"errorCode":"NOT_FOUND","message":"Err: Provider not found within database for deletion.","level":"error"}
{"message":"Specialty created: xxxxxxxxx","level":"info"}
{"errorCode":"BAD_REQUEST","message":"Err: Missing input parameters.","level":"error"}
{"message":"One or more specialties of providers were queried successfully.","level":"info"}
{"message":"One or more specialties of providers were queried successfully.","level":"info"}
{"errorCode":"NOT_FOUND","message":"Err: Specialty of provider not found.","level":"error"}
{"message":"Specialty updated: xxxxxxxxx","level":"info"}
{"errorCode":"NOT_FOUND","message":"Err: Specialty not found.","level":"error"}
{"errorCode":"BAD_REQUEST","message":"Err: Specialty not updated in MongoDB check that name exists within data.","level":"error"}
{"message":"Specialty deleted: xxxxxxxxx","level":"info"}
{"errorCode":"NOT_FOUND","message":"Err: Specialty not found within database for deletion.","level":"error"}
{"message":"server on port 3000","level":"info"}
{"message":"One or more providers were queried successfully.","level":"info"}
{"errorCode":"NOT_FOUND","message":"Err: Provider not found.","level":"error"}
{"message":"One or more providers were queried successfully.","level":"info"}
{"message":"Provider created: xyxy@gmail.com","level":"info"}
{"errorCode":"BAD_REQUEST","message":"Err: Missing input parameters.","level":"error"}
{"message":"server on port 3000","level":"info"}
{"message":"Provider updated: xyxy@gmail.com","level":"info"}
{"errorCode":"BAD_REQUEST","message":"Err: Provider not updated in MongoDB check that email exists within data.","level":"error"}
{"errorCode":"NOT_FOUND","message":"Err: Provider not found.","level":"error"}
{"message":"Provider deleted: xyxy@gmail.com","level":"info"}
{"errorCode":"NOT_FOUND","message":"Err: Provider not found within database for deletion.","level":"error"}
{"message":"One or more specialties of providers were queried successfully.","level":"info"}
{"errorCode":"NOT_FOUND","message":"Err: Specialty of provider not found.","level":"error"}
{"message":"Specialty created: xxxxxxxxx","level":"info"}
{"message":"server on port 3000","level":"info"}
{"errorCode":"BAD_REQUEST","message":"Err: Missing input parameters.","level":"error"}
{"message":"Specialty updated: xxxxxxxxx","level":"info"}
{"errorCode":"BAD_REQUEST","message":"Err: Specialty not updated in MongoDB check that name exists within data.","level":"error"}
{"errorCode":"NOT_FOUND","message":"Err: Specialty not found.","level":"error"}
{"message":"Specialty deleted: xxxxxxxxx","level":"info"}
{"errorCode":"NOT_FOUND","message":"Err: Specialty not found within database for deletion.","level":"error"}
{"message":"server on port 3000","level":"info"}
{"message":"Provider created: xyxy@gmail.com","level":"info"}
{"errorCode":"BAD_REQUEST","message":"Err: Missing input parameters.","level":"error"}
{"message":"One or more providers were queried successfully.","level":"info"}
{"message":"One or more providers were queried successfully.","level":"info"}
{"errorCode":"NOT_FOUND","message":"Err: Provider not found.","level":"error"}
{"message":"Provider updated: xyxy@gmail.com","level":"info"}
{"errorCode":"NOT_FOUND","message":"Err: Provider not found.","level":"error"}
{"errorCode":"BAD_REQUEST","message":"Err: Provider not updated in MongoDB check that email exists within data.","level":"error"}
{"message":"Provider deleted: xyxy@gmail.com","level":"info"}
{"errorCode":"NOT_FOUND","message":"Err: Provider not found within database for deletion.","level":"error"}
{"message":"Specialty created: xxxxxxxxx","level":"info"}
{"errorCode":"BAD_REQUEST","message":"Err: Missing input parameters.","level":"error"}
{"message":"One or more specialties of providers were queried successfully.","level":"info"}
{"message":"One or more specialties of providers were queried successfully.","level":"info"}
{"errorCode":"NOT_FOUND","message":"Err: Specialty of provider not found.","level":"error"}
{"message":"Specialty updated: xxxxxxxxx","level":"info"}
{"errorCode":"NOT_FOUND","message":"Err: Specialty not found.","level":"error"}
{"errorCode":"BAD_REQUEST","message":"Err: Specialty not updated in MongoDB check that name exists within data.","level":"error"}
{"message":"Specialty deleted: xxxxxxxxx","level":"info"}
{"errorCode":"NOT_FOUND","message":"Err: Specialty not found within database for deletion.","level":"error"}
{"message":"server on port 3000","level":"info"}
{"message":"Provider created: xyxy@gmail.com","level":"info"}
{"errorCode":"BAD_REQUEST","message":"Err: Missing input parameters.","level":"error"}
{"message":"One or more providers were queried successfully.","level":"info"}
{"message":"One or more providers were queried successfully.","level":"info"}
{"errorCode":"NOT_FOUND","message":"Err: Provider not found.","level":"error"}
{"message":"Provider updated: xyxy@gmail.com","level":"info"}
{"errorCode":"NOT_FOUND","message":"Err: Provider not found.","level":"error"}
{"errorCode":"BAD_REQUEST","message":"Err: Provider not updated in MongoDB check that email exists within data.","level":"error"}
{"message":"Provider deleted: xyxy@gmail.com","level":"info"}
{"errorCode":"NOT_FOUND","message":"Err: Provider not found within database for deletion.","level":"error"}
{"message":"Specialty created: xxxxxxxxx","level":"info"}
{"errorCode":"BAD_REQUEST","message":"Err: Missing input parameters.","level":"error"}
{"message":"One or more specialties of providers were queried successfully.","level":"info"}
{"message":"One or more specialties of providers were queried successfully.","level":"info"}
{"errorCode":"NOT_FOUND","message":"Err: Specialty of provider not found.","level":"error"}
{"message":"Specialty updated: xxxxxxxxx","level":"info"}
{"errorCode":"NOT_FOUND","message":"Err: Specialty not found.","level":"error"}
{"errorCode":"BAD_REQUEST","message":"Err: Specialty not updated in MongoDB check that name exists within data.","level":"error"}
{"message":"Specialty deleted: xxxxxxxxx","level":"info"}
{"errorCode":"NOT_FOUND","message":"Err: Specialty not found within database for deletion.","level":"error"}
{"message":"server on port 3000","level":"info"}
{"message":"Provider created: xyxy@gmail.com","level":"info"}
{"errorCode":"BAD_REQUEST","message":"Err: Missing input parameters.","level":"error"}
{"message":"One or more providers were queried successfully.","level":"info"}
{"message":"One or more providers were queried successfully.","level":"info"}
{"errorCode":"NOT_FOUND","message":"Err: Provider not found.","level":"error"}
{"message":"Provider updated: xyxy@gmail.com","level":"info"}
{"errorCode":"NOT_FOUND","message":"Err: Provider not found.","level":"error"}
{"errorCode":"BAD_REQUEST","message":"Err: Provider not updated in MongoDB check that email exists within data.","level":"error"}
{"message":"Provider deleted: xyxy@gmail.com","level":"info"}
{"errorCode":"NOT_FOUND","message":"Err: Provider not found within database for deletion.","level":"error"}
{"message":"Specialty created: xxxxxxxxx","level":"info"}
{"errorCode":"BAD_REQUEST","message":"Err: Missing input parameters.","level":"error"}
{"message":"One or more specialties of providers were queried successfully.","level":"info"}
{"message":"One or more specialties of providers were queried successfully.","level":"info"}
{"errorCode":"NOT_FOUND","message":"Err: Specialty of provider not found.","level":"error"}
{"message":"Specialty updated: xxxxxxxxx","level":"info"}
{"errorCode":"NOT_FOUND","message":"Err: Specialty not found.","level":"error"}
{"errorCode":"BAD_REQUEST","message":"Err: Specialty not updated in MongoDB check that name exists within data.","level":"error"}
{"message":"Specialty deleted: xxxxxxxxx","level":"info"}
{"errorCode":"NOT_FOUND","message":"Err: Specialty not found within database for deletion.","level":"error"}
{"message":"server on port 3000","level":"info"}
{"message":"Provider created: xyxy@gmail.com","level":"info"}
{"errorCode":"BAD_REQUEST","message":"Err: Missing input parameters.","level":"error"}
{"message":"One or more providers were queried successfully.","level":"info"}
{"message":"One or more providers were queried successfully.","level":"info"}
{"errorCode":"NOT_FOUND","message":"Err: Provider not found.","level":"error"}
{"message":"Provider updated: xyxy@gmail.com","level":"info"}
{"errorCode":"NOT_FOUND","message":"Err: Provider not found.","level":"error"}
{"errorCode":"BAD_REQUEST","message":"Err: Provider not updated in MongoDB check that email exists within data.","level":"error"}
{"message":"Provider deleted: xyxy@gmail.com","level":"info"}
{"errorCode":"NOT_FOUND","message":"Err: Provider not found within database for deletion.","level":"error"}
{"message":"Specialty created: xxxxxxxxx","level":"info"}
{"errorCode":"BAD_REQUEST","message":"Err: Missing input parameters.","level":"error"}
{"message":"One or more specialties of providers were queried successfully.","level":"info"}
{"message":"One or more specialties of providers were queried successfully.","level":"info"}
{"errorCode":"NOT_FOUND","message":"Err: Specialty of provider not found.","level":"error"}
{"message":"Specialty updated: xxxxxxxxx","level":"info"}
{"errorCode":"NOT_FOUND","message":"Err: Specialty not found.","level":"error"}
{"errorCode":"BAD_REQUEST","message":"Err: Specialty not updated in MongoDB check that name exists within data.","level":"error"}
{"message":"Specialty deleted: xxxxxxxxx","level":"info"}
{"errorCode":"NOT_FOUND","message":"Err: Specialty not found within database for deletion.","level":"error"}
{"message":"server on port 3000","level":"info"}
{"message":"Provider created: chrisAnSm@gmail.com","level":"info"}
{"errorCode":"BAD_REQUEST","message":"Err: Missing input parameters.","level":"error"}
{"message":"One or more providers were queried successfully.","level":"info"}
{"message":"One or more providers were queried successfully.","level":"info"}
{"errorCode":"NOT_FOUND","message":"Err: Provider not found.","level":"error"}
{"message":"Provider updated: chrisAnSm@gmail.com","level":"info"}
{"errorCode":"NOT_FOUND","message":"Err: Provider not found.","level":"error"}
{"errorCode":"BAD_REQUEST","message":"Err: Provider not updated in MongoDB check that email exists within data.","level":"error"}
{"message":"Provider deleted: chrisAnSm@gmail.com","level":"info"}
{"errorCode":"NOT_FOUND","message":"Err: Provider not found within database for deletion.","level":"error"}
{"message":"Specialty created: xxxxxxxxx","level":"info"}
{"errorCode":"BAD_REQUEST","message":"Err: Missing input parameters.","level":"error"}
{"message":"One or more specialties of providers were queried successfully.","level":"info"}
{"message":"One or more specialties of providers were queried successfully.","level":"info"}
{"errorCode":"NOT_FOUND","message":"Err: Specialty of provider not found.","level":"error"}
{"message":"Specialty updated: xxxxxxxxx","level":"info"}
{"errorCode":"NOT_FOUND","message":"Err: Specialty not found.","level":"error"}
{"errorCode":"BAD_REQUEST","message":"Err: Specialty not updated in MongoDB check that name exists within data.","level":"error"}
{"message":"Specialty deleted: xxxxxxxxx","level":"info"}
{"errorCode":"NOT_FOUND","message":"Err: Specialty not found within database for deletion.","level":"error"}
{"message":"server on port 3000","level":"info"}
{"message":"Provider created: chrisAnSm@gmail.com","level":"info"}
{"errorCode":"BAD_REQUEST","message":"Err: Missing input parameters.","level":"error"}
{"message":"One or more providers were queried successfully.","level":"info"}
{"message":"One or more providers were queried successfully.","level":"info"}
{"errorCode":"NOT_FOUND","message":"Err: Provider not found.","level":"error"}
{"message":"Provider updated: chrisAnSm@gmail.com","level":"info"}
{"errorCode":"NOT_FOUND","message":"Err: Provider not found.","level":"error"}
{"errorCode":"BAD_REQUEST","message":"Err: Provider not updated in MongoDB check that email exists within data.","level":"error"}
{"message":"Provider deleted: chrisAnSm@gmail.com","level":"info"}
{"errorCode":"NOT_FOUND","message":"Err: Provider not found within database for deletion.","level":"error"}
{"message":"Specialty created: xxxxxxxxx","level":"info"}
{"errorCode":"BAD_REQUEST","message":"Err: Missing input parameters.","level":"error"}
{"message":"One or more specialties of providers were queried successfully.","level":"info"}
{"message":"One or more specialties of providers were queried successfully.","level":"info"}
{"errorCode":"NOT_FOUND","message":"Err: Specialty of provider not found.","level":"error"}
{"message":"Specialty updated: xxxxxxxxx","level":"info"}
{"errorCode":"NOT_FOUND","message":"Err: Specialty not found.","level":"error"}
{"errorCode":"BAD_REQUEST","message":"Err: Specialty not updated in MongoDB check that name exists within data.","level":"error"}
{"message":"Specialty deleted: xxxxxxxxx","level":"info"}
{"errorCode":"NOT_FOUND","message":"Err: Specialty not found within database for deletion.","level":"error"}
{"message":"server on port 3000","level":"info"}
{"message":"Provider created: chrisAnSm@gmail.com","level":"info"}
{"errorCode":"BAD_REQUEST","message":"Err: Missing input parameters.","level":"error"}
{"message":"One or more providers were queried successfully.","level":"info"}
{"message":"One or more providers were queried successfully.","level":"info"}
{"errorCode":"NOT_FOUND","message":"Err: Provider not found.","level":"error"}
{"message":"Provider updated: chrisAnSm@gmail.com","level":"info"}
{"errorCode":"NOT_FOUND","message":"Err: Provider not found.","level":"error"}
{"errorCode":"BAD_REQUEST","message":"Err: Provider not updated in MongoDB check that email exists within data.","level":"error"}
{"message":"Provider deleted: chrisAnSm@gmail.com","level":"info"}
{"errorCode":"NOT_FOUND","message":"Err: Provider not found within database for deletion.","level":"error"}
{"message":"Specialty created: Uber driver.","level":"info"}
{"errorCode":"BAD_REQUEST","message":"Err: Missing input parameters.","level":"error"}
{"message":"One or more specialties of providers were queried successfully.","level":"info"}
{"message":"One or more specialties of providers were queried successfully.","level":"info"}
{"errorCode":"NOT_FOUND","message":"Err: Specialty of provider not found.","level":"error"}
{"message":"Specialty updated: Uber driver.","level":"info"}
{"errorCode":"NOT_FOUND","message":"Err: Specialty not found.","level":"error"}
{"errorCode":"BAD_REQUEST","message":"Err: Specialty not updated in MongoDB check that name exists within data.","level":"error"}
{"message":"Specialty deleted: Uber driver.","level":"info"}
{"errorCode":"NOT_FOUND","message":"Err: Specialty not found within database for deletion.","level":"error"}
{"message":"server on port 3000","level":"info"}
{"message":"Provider created: christsmith@outlook.com","level":"info"}
{"errorCode":"BAD_REQUEST","message":"Err: Missing input parameters.","level":"error"}
{"message":"One or more providers were queried successfully.","level":"info"}
{"message":"One or more providers were queried successfully.","level":"info"}
{"errorCode":"NOT_FOUND","message":"Err: Provider not found.","level":"error"}
{"message":"Provider updated: christsmith@outlook.com","level":"info"}
{"errorCode":"NOT_FOUND","message":"Err: Provider not found.","level":"error"}
{"errorCode":"BAD_REQUEST","message":"Err: Provider not updated in MongoDB check that email exists within data.","level":"error"}
{"message":"Provider deleted: christsmith@outlook.com","level":"info"}
{"errorCode":"NOT_FOUND","message":"Err: Provider not found within database for deletion.","level":"error"}
{"message":"Specialty created: Uber driver.","level":"info"}
{"errorCode":"BAD_REQUEST","message":"Err: Missing input parameters.","level":"error"}
{"message":"One or more specialties of providers were queried successfully.","level":"info"}
{"message":"One or more specialties of providers were queried successfully.","level":"info"}
{"errorCode":"NOT_FOUND","message":"Err: Specialty of provider not found.","level":"error"}
{"message":"Specialty updated: Uber driver.","level":"info"}
{"errorCode":"NOT_FOUND","message":"Err: Specialty not found.","level":"error"}
{"errorCode":"BAD_REQUEST","message":"Err: Specialty not updated in MongoDB check that name exists within data.","level":"error"}
{"message":"Specialty deleted: Uber driver.","level":"info"}
{"errorCode":"NOT_FOUND","message":"Err: Specialty not found within database for deletion.","level":"error"}
{"message":"server on port 3000","level":"info"}
{"errorCode":"NOT_FOUND","message":"Err: Specialty of provider not found.","level":"error"}
{"message":"One or more specialties of providers were queried successfully.","level":"info"}
{"message":"server on port 3000","level":"info"}
{"message":"server on port 3000","level":"info"}
{"message":"server on port 3000","level":"info"}
{"message":"Provider created: christsmith@outlook.com","level":"info"}
{"errorCode":"BAD_REQUEST","message":"Err: Missing input parameters.","level":"error"}
{"message":"One or more providers were queried successfully.","level":"info"}
{"message":"One or more providers were queried successfully.","level":"info"}
{"errorCode":"NOT_FOUND","message":"Err: Provider not found.","level":"error"}
{"message":"Provider updated: christsmith@outlook.com","level":"info"}
{"errorCode":"NOT_FOUND","message":"Err: Provider not found.","level":"error"}
{"errorCode":"BAD_REQUEST","message":"Err: Provider not updated in MongoDB check that email exists within data.","level":"error"}
{"message":"Provider deleted: christsmith@outlook.com","level":"info"}
{"errorCode":"NOT_FOUND","message":"Err: Provider not found within database for deletion.","level":"error"}
{"message":"Specialty created: Uber driver.","level":"info"}
{"errorCode":"BAD_REQUEST","message":"Err: Missing input parameters.","level":"error"}
{"message":"One or more specialties of providers were queried successfully.","level":"info"}
{"message":"One or more specialties of providers were queried successfully.","level":"info"}
{"errorCode":"NOT_FOUND","message":"Err: Specialty of provider not found.","level":"error"}
{"message":"Specialty updated: Uber driver.","level":"info"}
{"errorCode":"NOT_FOUND","message":"Err: Specialty not found.","level":"error"}
{"errorCode":"BAD_REQUEST","message":"Err: Specialty not updated in MongoDB check that name exists within data.","level":"error"}
{"message":"Specialty deleted: Uber driver.","level":"info"}
{"errorCode":"NOT_FOUND","message":"Err: Specialty not found within database for deletion.","level":"error"}
{"message":"server on port 3000","level":"info"}
{"message":"Provider created: christsmith@outlook.com","level":"info"}
{"errorCode":"BAD_REQUEST","message":"Err: Missing input parameters.","level":"error"}
{"message":"One or more providers were queried successfully.","level":"info"}
{"message":"One or more providers were queried successfully.","level":"info"}
{"errorCode":"NOT_FOUND","message":"Err: Provider not found.","level":"error"}
{"message":"Provider updated: christsmith@outlook.com","level":"info"}
{"errorCode":"NOT_FOUND","message":"Err: Provider not found.","level":"error"}
{"errorCode":"BAD_REQUEST","message":"Err: Provider not updated in MongoDB check that email exists within data.","level":"error"}
{"message":"Provider deleted: christsmith@outlook.com","level":"info"}
{"errorCode":"NOT_FOUND","message":"Err: Provider not found within database for deletion.","level":"error"}
{"message":"Specialty created: Uber driver.","level":"info"}
{"errorCode":"BAD_REQUEST","message":"Err: Missing input parameters.","level":"error"}
{"message":"One or more specialties of providers were queried successfully.","level":"info"}
{"message":"One or more specialties of providers were queried successfully.","level":"info"}
{"errorCode":"NOT_FOUND","message":"Err: Specialty of provider not found.","level":"error"}
{"message":"Specialty updated: Uber driver.","level":"info"}
{"errorCode":"NOT_FOUND","message":"Err: Specialty not found.","level":"error"}
{"errorCode":"BAD_REQUEST","message":"Err: Specialty not updated in MongoDB check that name exists within data.","level":"error"}
{"message":"Specialty deleted: Uber driver.","level":"info"}
{"errorCode":"NOT_FOUND","message":"Err: Specialty not found within database for deletion.","level":"error"}
{"message":"server on port 3000","level":"info"}
{"message":"Provider created: christsmith@outlook.com","level":"info"}
{"errorCode":"BAD_REQUEST","message":"Err: Missing input parameters.","level":"error"}
{"message":"One or more providers were queried successfully.","level":"info"}
{"message":"One or more providers were queried successfully.","level":"info"}
{"errorCode":"NOT_FOUND","message":"Err: Provider not found.","level":"error"}
{"message":"Provider updated: christsmith@outlook.com","level":"info"}
{"errorCode":"NOT_FOUND","message":"Err: Provider not found.","level":"error"}
{"errorCode":"BAD_REQUEST","message":"Err: Provider not updated in MongoDB check that email exists within data.","level":"error"}
{"message":"Provider deleted: christsmith@outlook.com","level":"info"}
{"errorCode":"NOT_FOUND","message":"Err: Provider not found within database for deletion.","level":"error"}
{"message":"Specialty created: Uber driver.","level":"info"}
{"errorCode":"BAD_REQUEST","message":"Err: Missing input parameters.","level":"error"}
{"message":"One or more specialties of providers were queried successfully.","level":"info"}
{"message":"One or more specialties of providers were queried successfully.","level":"info"}
{"errorCode":"NOT_FOUND","message":"Err: Specialty of provider not found.","level":"error"}
{"message":"Specialty updated: Uber driver.","level":"info"}
{"errorCode":"NOT_FOUND","message":"Err: Specialty not found.","level":"error"}
{"errorCode":"BAD_REQUEST","message":"Err: Specialty not updated in MongoDB check that name exists within data.","level":"error"}
{"message":"Specialty deleted: Uber driver.","level":"info"}
{"errorCode":"NOT_FOUND","message":"Err: Specialty not found within database for deletion.","level":"error"}
{"message":"server on port 3000","level":"info"}
{"message":"Provider created: christsmith@outlook.com","level":"info"}
{"errorCode":"BAD_REQUEST","message":"Err: Missing input parameters.","level":"error"}
{"message":"One or more providers were queried successfully.","level":"info"}
{"message":"One or more providers were queried successfully.","level":"info"}
{"errorCode":"NOT_FOUND","message":"Err: Provider not found.","level":"error"}
{"message":"Provider updated: christsmith@outlook.com","level":"info"}
{"errorCode":"NOT_FOUND","message":"Err: Provider not found.","level":"error"}
{"errorCode":"BAD_REQUEST","message":"Err: Provider not updated in MongoDB check that email exists within data.","level":"error"}
{"message":"Provider deleted: christsmith@outlook.com","level":"info"}
{"errorCode":"NOT_FOUND","message":"Err: Provider not found within database for deletion.","level":"error"}
{"message":"Specialty created: Uber driver.","level":"info"}
{"errorCode":"BAD_REQUEST","message":"Err: Missing input parameters.","level":"error"}
{"message":"One or more specialties of providers were queried successfully.","level":"info"}
{"message":"One or more specialties of providers were queried successfully.","level":"info"}
{"errorCode":"NOT_FOUND","message":"Err: Specialty of provider not found.","level":"error"}
{"message":"Specialty updated: Uber driver.","level":"info"}
{"errorCode":"NOT_FOUND","message":"Err: Specialty not found.","level":"error"}
{"errorCode":"BAD_REQUEST","message":"Err: Specialty not updated in MongoDB check that name exists within data.","level":"error"}
{"message":"Specialty deleted: Uber driver.","level":"info"}
{"errorCode":"NOT_FOUND","message":"Err: Specialty not found within database for deletion.","level":"error"}
{"message":"server on port 3000","level":"info"}
{"message":"Provider created: christsmith@outlook.com","level":"info"}
{"errorCode":"BAD_REQUEST","message":"Err: Missing input parameters.","level":"error"}
{"message":"One or more providers were queried successfully.","level":"info"}
{"message":"One or more providers were queried successfully.","level":"info"}
{"errorCode":"NOT_FOUND","message":"Err: Provider not found.","level":"error"}
{"message":"Provider updated: christsmith@outlook.com","level":"info"}
{"errorCode":"NOT_FOUND","message":"Err: Provider not found.","level":"error"}
{"errorCode":"BAD_REQUEST","message":"Err: Provider not updated in MongoDB check that email exists within data.","level":"error"}
{"message":"Provider deleted: christsmith@outlook.com","level":"info"}
{"errorCode":"NOT_FOUND","message":"Err: Provider not found within database for deletion.","level":"error"}
{"message":"Specialty created: Uber driver.","level":"info"}
{"errorCode":"BAD_REQUEST","message":"Err: Missing input parameters.","level":"error"}
{"message":"One or more specialties of providers were queried successfully.","level":"info"}
{"message":"One or more specialties of providers were queried successfully.","level":"info"}
{"errorCode":"NOT_FOUND","message":"Err: Specialty of provider not found.","level":"error"}
{"message":"Specialty updated: Uber driver.","level":"info"}
{"errorCode":"NOT_FOUND","message":"Err: Specialty not found.","level":"error"}
{"errorCode":"BAD_REQUEST","message":"Err: Specialty not updated in MongoDB check that name exists within data.","level":"error"}
{"message":"Specialty deleted: Uber driver.","level":"info"}
{"errorCode":"NOT_FOUND","message":"Err: Specialty not found within database for deletion.","level":"error"}
{"message":"server on port 6000","level":"info"}
{"errorCode":"NOT_FOUND","message":"Err: Provider not found.","level":"error"}
{"message":"server on port 6000","level":"info"}
{"message":"server on port 6000","level":"info"}
{"message":"server on port 6000","level":"info"}
{"errorCode":"NOT_FOUND","message":"Err: Provider not found.","level":"error"}
{"message":"server on port 6000","level":"info"}
{"message":"server on port 6000","level":"info"}
{"message":"server on port 6000","level":"info"}
{"message":"server on port 6000","level":"info"}
{"message":"server on port 6000","level":"info"}
{"message":"server on port 6000","level":"info"}
{"message":"server on port 6000","level":"info"}
{"message":"server on port 6000","level":"info"}
{"message":"server on port 6000","level":"info"}
{"message":"server on port 6000","level":"info"}
{"message":"server on port 6000","level":"info"}
{"message":"server on port 6000","level":"info"}
{"message":"server on port 6000","level":"info"}
{"message":"server on port 6000","level":"info"}
{"message":"server on port 6000","level":"info"}
{"message":"server on port 6000","level":"info"}
{"message":"server on port 6000","level":"info"}
{"message":"server on port 6000","level":"info"}
{"message":"server on port 6000","level":"info"}
{"message":"server on port 6000","level":"info"}
{"message":"server on port 6000","level":"info"}
{"message":"server on port 6000","level":"info"}
{"message":"server on port 8000","level":"info"}
{"message":"server on port 8000","level":"info"}
{"message":"server on port 8000","level":"info"}
{"errorCode":"NOT_FOUND","message":"Err: Provider not found.","level":"error"}
{"message":"server on port 8000","level":"info"}
{"message":"server on port 8000","level":"info"}
{"errorCode":"NOT_FOUND","message":"Err: Provider not found.","level":"error"}
{"message":"server on port 8000","level":"info"}
{"message":"server on port 8000","level":"info"}
{"message":"server on port 8000","level":"info"}
{"message":"server on port 8000","level":"info"}
{"message":"server on port 8000","level":"info"}
{"message":"server on port 8000","level":"info"}
{"message":"server on port 8000","level":"info"}
{"message":"server on port 8000","level":"info"}
{"message":"server on port 8000","level":"info"}
{"message":"server on port 8000","level":"info"}
{"message":"server on port 8000","level":"info"}
{"message":"server on port 8000","level":"info"}
{"message":"server on port 8000","level":"info"}
{"message":"server on port 8000","level":"info"}
{"message":"server on port 8000","level":"info"}
{"message":"server on port 8000","level":"info"}
{"message":"server on port 8000","level":"info"}
{"message":"server on port 8000","level":"info"}
{"message":"server on port 8000","level":"info"}
{"message":"server on port 8000","level":"info"}
{"message":"server on port 8000","level":"info"}
{"message":"server on port 8000","level":"info"}
{"message":"server on port 8000","level":"info"}
{"message":"server on port 8000","level":"info"}
{"message":"server on port 8000","level":"info"}
{"message":"server on port 8000","level":"info"}
{"message":"server on port 8000","level":"info"}
{"message":"server on port 8000","level":"info"}
{"message":"server on port 8000","level":"info"}
{"message":"server on port 8000","level":"info"}
{"message":"server on port 8000","level":"info"}
{"message":"server on port 8000","level":"info"}
{"message":"server on port 8000","level":"info"}
{"message":"server on port 8000","level":"info"}
{"message":"server on port 8000","level":"info"}
{"message":"server on port 8000","level":"info"}
{"message":"server on port 8000","level":"info"}
{"message":"server on port 8000","level":"info"}
{"message":"server on port 8000","level":"info"}
{"message":"server on port 8000","level":"info"}
{"message":"server on port 8000","level":"info"}
{"message":"server on port 8000","level":"info"}
{"message":"server on port 8000","level":"info"}
{"message":"server on port 8000","level":"info"}
{"message":"server on port 8000","level":"info"}
{"message":"server on port 8000","level":"info"}
{"message":"server on port 8000","level":"info"}
{"message":"server on port 8000","level":"info"}
{"message":"server on port 8000","level":"info"}
{"message":"server on port 8000","level":"info"}
{"message":"server on port 8000","level":"info"}
{"message":"server on port 8000","level":"info"}
{"message":"server on port 8000","level":"info"}
{"message":"server on port 8000","level":"info"}
{"message":"server on port 8000","level":"info"}
{"message":"server on port 8000","level":"info"}
{"message":"server on port 8000","level":"info"}
{"message":"server on port 8000","level":"info"}
{"message":"server on port 8000","level":"info"}
{"message":"server on port 8000","level":"info"}
{"message":"server on port 8000","level":"info"}
{"message":"server on port 8000","level":"info"}
{"message":"server on port 8000","level":"info"}
{"message":"server on port 8000","level":"info"}
{"message":"server on port 8000","level":"info"}
{"message":"server on port 8000","level":"info"}
{"message":"server on port 8000","level":"info"}
{"message":"server on port 8000","level":"info"}
{"message":"server on port 8000","level":"info"}
{"message":"server on port 8000","level":"info"}
{"message":"server on port 8000","level":"info"}
{"message":"server on port 8000","level":"info"}
{"message":"server on port 8000","level":"info"}
{"message":"server on port 8000","level":"info"}
{"message":"server on port 8000","level":"info"}
{"message":"server on port 8000","level":"info"}
{"message":"server on port 8000","level":"info"}
{"message":"server on port 8000","level":"info"}
{"errorCode":"NOT_FOUND","message":"Err: Provider not found.","level":"error"}
{"errorCode":"NOT_FOUND","message":"Err: Provider not found.","level":"error"}
{"message":"server on port 8000","level":"info"}
{"message":"server on port 8000","level":"info"}
{"message":"server on port 8000","level":"info"}
{"message":"server on port 8000","level":"info"}
{"message":"server on port 8000","level":"info"}
{"errorCode":"NOT_FOUND","message":"Err: Provider not found.","level":"error"}
{"errorCode":"NOT_FOUND","message":"Err: Provider not found.","level":"error"}
