{"errorCode":"NOT_FOUND","message":"Err: Provider not found.","level":"error"}
{"level":"error"}
{"level":"error"}
{"errorCode":"NOT_FOUND","message":"Err: Specialty of provider not found.","level":"error"}
{"level":"error"}
{"level":"error"}
{"level":"error"}
{"errorCode":"BAD_REQUEST","message":"Err: Missing input parameters.","level":"error"}
{"errorCode":"BAD_REQUEST","message":"Err: Missing input parameters.","level":"error"}
{"level":"error"}
{"errorCode":"NOT_FOUND","message":"Err: Specialty not found.","level":"error"}
{"errorCode":"BAD_REQUEST","message":"Err: Specialty not updated in MongoDB check that name exists within data.","level":"error"}
{"level":"error"}
{"level":"error"}
{"errorCode":"NOT_FOUND","message":"Err: Specialty not found within database for deletion.","level":"error"}
{"errorCode":"NOT_FOUND","message":"Err: Specialty not found within database for deletion.","level":"error"}
{"errorCode":"NOT_FOUND","message":"Err: Specialty of provider not found.","level":"error"}
{"errorCode":"NOT_FOUND","message":"Err: Specialty not found within database for deletion.","level":"error"}
{"errorCode":"BAD_REQUEST","message":"Err: Missing input parameters.","level":"error"}
{"errorCode":"NOT_FOUND","message":"Err: Provider not found.","level":"error"}
{"errorCode":"NOT_FOUND","message":"Err: Provider not found.","level":"error"}
{"errorCode":"BAD_REQUEST","message":"Err: Provider not updated in MongoDB check that email exists within data.","level":"error"}
{"errorCode":"NOT_FOUND","message":"Err: Provider not found within database for deletion.","level":"error"}
{"errorCode":"NOT_FOUND","message":"Err: Specialty of provider not found.","level":"error"}
{"errorCode":"BAD_REQUEST","message":"Err: Missing input parameters.","level":"error"}
{"errorCode":"NOT_FOUND","message":"Err: Provider not found.","level":"error"}
{"errorCode":"NOT_FOUND","message":"Err: Provider not found.","level":"error"}
{"errorCode":"BAD_REQUEST","message":"Err: Provider not updated in MongoDB check that email exists within data.","level":"error"}
{"errorCode":"NOT_FOUND","message":"Err: Provider not found within database for deletion.","level":"error"}
{"errorCode":"NOT_FOUND","message":"Err: Specialty of provider not found.","level":"error"}
{"errorCode":"BAD_REQUEST","message":"Err: Missing input parameters.","level":"error"}
{"errorCode":"NOT_FOUND","message":"Err: Provider not found.","level":"error"}
{"errorCode":"NOT_FOUND","message":"Err: Provider not found.","level":"error"}
{"errorCode":"BAD_REQUEST","message":"Err: Provider not updated in MongoDB check that email exists within data.","level":"error"}
{"errorCode":"NOT_FOUND","message":"Err: Provider not found within database for deletion.","level":"error"}
{"errorCode":"BAD_REQUEST","message":"Err: Missing input parameters.","level":"error"}
{"errorCode":"NOT_FOUND","message":"Err: Specialty of provider not found.","level":"error"}
{"errorCode":"NOT_FOUND","message":"Err: Specialty not found.","level":"error"}
{"errorCode":"BAD_REQUEST","message":"Err: Specialty not updated in MongoDB check that name exists within data.","level":"error"}
{"errorCode":"NOT_FOUND","message":"Err: Specialty not found within database for deletion.","level":"error"}
{"errorCode":"BAD_REQUEST","message":"Err: Missing input parameters.","level":"error"}
{"errorCode":"NOT_FOUND","message":"Err: Provider not found.","level":"error"}
{"errorCode":"NOT_FOUND","message":"Err: Provider not found.","level":"error"}
{"errorCode":"BAD_REQUEST","message":"Err: Provider not updated in MongoDB check that email exists within data.","level":"error"}
{"errorCode":"NOT_FOUND","message":"Err: Provider not found within database for deletion.","level":"error"}
{"errorCode":"BAD_REQUEST","message":"Err: Missing input parameters.","level":"error"}
{"errorCode":"NOT_FOUND","message":"Err: Specialty of provider not found.","level":"error"}
{"errorCode":"NOT_FOUND","message":"Err: Specialty not found.","level":"error"}
{"errorCode":"BAD_REQUEST","message":"Err: Specialty not updated in MongoDB check that name exists within data.","level":"error"}
{"errorCode":"NOT_FOUND","message":"Err: Specialty not found within database for deletion.","level":"error"}
{"errorCode":"BAD_REQUEST","message":"Err: Missing input parameters.","level":"error"}
{"errorCode":"NOT_FOUND","message":"Err: Provider not found.","level":"error"}
{"errorCode":"NOT_FOUND","message":"Err: Provider not found.","level":"error"}
{"errorCode":"BAD_REQUEST","message":"Err: Provider not updated in MongoDB check that email exists within data.","level":"error"}
{"errorCode":"NOT_FOUND","message":"Err: Provider not found within database for deletion.","level":"error"}
{"errorCode":"BAD_REQUEST","message":"Err: Missing input parameters.","level":"error"}
{"errorCode":"NOT_FOUND","message":"Err: Specialty of provider not found.","level":"error"}
{"errorCode":"NOT_FOUND","message":"Err: Specialty not found.","level":"error"}
{"errorCode":"BAD_REQUEST","message":"Err: Specialty not updated in MongoDB check that name exists within data.","level":"error"}
{"errorCode":"NOT_FOUND","message":"Err: Specialty not found within database for deletion.","level":"error"}
{"errorCode":"BAD_REQUEST","message":"Err: Missing input parameters.","level":"error"}
{"errorCode":"NOT_FOUND","message":"Err: Provider not found.","level":"error"}
{"errorCode":"NOT_FOUND","message":"Err: Provider not found.","level":"error"}
{"errorCode":"BAD_REQUEST","message":"Err: Provider not updated in MongoDB check that email exists within data.","level":"error"}
{"errorCode":"NOT_FOUND","message":"Err: Provider not found within database for deletion.","level":"error"}
{"errorCode":"BAD_REQUEST","message":"Err: Missing input parameters.","level":"error"}
{"errorCode":"NOT_FOUND","message":"Err: Specialty of provider not found.","level":"error"}
{"errorCode":"NOT_FOUND","message":"Err: Specialty not found.","level":"error"}
{"errorCode":"BAD_REQUEST","message":"Err: Specialty not updated in MongoDB check that name exists within data.","level":"error"}
{"errorCode":"NOT_FOUND","message":"Err: Specialty not found within database for deletion.","level":"error"}
{"errorCode":"BAD_REQUEST","message":"Err: Missing input parameters.","level":"error"}
{"errorCode":"NOT_FOUND","message":"Err: Provider not found.","level":"error"}
{"errorCode":"NOT_FOUND","message":"Err: Provider not found.","level":"error"}
{"errorCode":"BAD_REQUEST","message":"Err: Provider not updated in MongoDB check that email exists within data.","level":"error"}
{"errorCode":"NOT_FOUND","message":"Err: Provider not found within database for deletion.","level":"error"}
{"errorCode":"BAD_REQUEST","message":"Err: Missing input parameters.","level":"error"}
{"errorCode":"NOT_FOUND","message":"Err: Specialty of provider not found.","level":"error"}
{"errorCode":"NOT_FOUND","message":"Err: Specialty not found.","level":"error"}
{"errorCode":"BAD_REQUEST","message":"Err: Specialty not updated in MongoDB check that name exists within data.","level":"error"}
{"errorCode":"NOT_FOUND","message":"Err: Specialty not found within database for deletion.","level":"error"}
{"errorCode":"BAD_REQUEST","message":"Err: Missing input parameters.","level":"error"}
{"errorCode":"NOT_FOUND","message":"Err: Provider not found.","level":"error"}
{"errorCode":"NOT_FOUND","message":"Err: Provider not found.","level":"error"}
{"errorCode":"BAD_REQUEST","message":"Err: Provider not updated in MongoDB check that email exists within data.","level":"error"}
{"errorCode":"NOT_FOUND","message":"Err: Provider not found within database for deletion.","level":"error"}
{"errorCode":"BAD_REQUEST","message":"Err: Missing input parameters.","level":"error"}
{"errorCode":"NOT_FOUND","message":"Err: Specialty of provider not found.","level":"error"}
{"errorCode":"NOT_FOUND","message":"Err: Specialty not found.","level":"error"}
{"errorCode":"BAD_REQUEST","message":"Err: Specialty not updated in MongoDB check that name exists within data.","level":"error"}
{"errorCode":"NOT_FOUND","message":"Err: Specialty not found within database for deletion.","level":"error"}
{"errorCode":"BAD_REQUEST","message":"Err: Missing input parameters.","level":"error"}
{"errorCode":"NOT_FOUND","message":"Err: Provider not found.","level":"error"}
{"errorCode":"NOT_FOUND","message":"Err: Provider not found.","level":"error"}
{"errorCode":"BAD_REQUEST","message":"Err: Provider not updated in MongoDB check that email exists within data.","level":"error"}
{"errorCode":"NOT_FOUND","message":"Err: Provider not found within database for deletion.","level":"error"}
{"errorCode":"BAD_REQUEST","message":"Err: Missing input parameters.","level":"error"}
{"errorCode":"NOT_FOUND","message":"Err: Specialty of provider not found.","level":"error"}
{"errorCode":"NOT_FOUND","message":"Err: Specialty not found.","level":"error"}
{"errorCode":"BAD_REQUEST","message":"Err: Specialty not updated in MongoDB check that name exists within data.","level":"error"}
{"errorCode":"NOT_FOUND","message":"Err: Specialty not found within database for deletion.","level":"error"}
{"errorCode":"BAD_REQUEST","message":"Err: Missing input parameters.","level":"error"}
{"errorCode":"NOT_FOUND","message":"Err: Provider not found.","level":"error"}
{"errorCode":"NOT_FOUND","message":"Err: Provider not found.","level":"error"}
{"errorCode":"BAD_REQUEST","message":"Err: Provider not updated in MongoDB check that email exists within data.","level":"error"}
{"errorCode":"NOT_FOUND","message":"Err: Provider not found within database for deletion.","level":"error"}
{"errorCode":"BAD_REQUEST","message":"Err: Missing input parameters.","level":"error"}
{"errorCode":"NOT_FOUND","message":"Err: Specialty of provider not found.","level":"error"}
{"errorCode":"NOT_FOUND","message":"Err: Specialty not found.","level":"error"}
{"errorCode":"BAD_REQUEST","message":"Err: Specialty not updated in MongoDB check that name exists within data.","level":"error"}
{"errorCode":"NOT_FOUND","message":"Err: Specialty not found within database for deletion.","level":"error"}
{"errorCode":"BAD_REQUEST","message":"Err: Missing input parameters.","level":"error"}
{"errorCode":"NOT_FOUND","message":"Err: Provider not found.","level":"error"}
{"errorCode":"NOT_FOUND","message":"Err: Provider not found.","level":"error"}
{"errorCode":"BAD_REQUEST","message":"Err: Provider not updated in MongoDB check that email exists within data.","level":"error"}
{"errorCode":"NOT_FOUND","message":"Err: Provider not found within database for deletion.","level":"error"}
{"errorCode":"BAD_REQUEST","message":"Err: Missing input parameters.","level":"error"}
{"errorCode":"NOT_FOUND","message":"Err: Specialty of provider not found.","level":"error"}
{"errorCode":"NOT_FOUND","message":"Err: Specialty not found.","level":"error"}
{"errorCode":"BAD_REQUEST","message":"Err: Specialty not updated in MongoDB check that name exists within data.","level":"error"}
{"errorCode":"NOT_FOUND","message":"Err: Specialty not found within database for deletion.","level":"error"}
{"errorCode":"BAD_REQUEST","message":"Err: Missing input parameters.","level":"error"}
{"errorCode":"NOT_FOUND","message":"Err: Provider not found.","level":"error"}
{"errorCode":"NOT_FOUND","message":"Err: Provider not found.","level":"error"}
{"errorCode":"BAD_REQUEST","message":"Err: Provider not updated in MongoDB check that email exists within data.","level":"error"}
{"errorCode":"NOT_FOUND","message":"Err: Provider not found within database for deletion.","level":"error"}
{"errorCode":"BAD_REQUEST","message":"Err: Missing input parameters.","level":"error"}
{"errorCode":"NOT_FOUND","message":"Err: Specialty of provider not found.","level":"error"}
{"errorCode":"NOT_FOUND","message":"Err: Specialty not found.","level":"error"}
{"errorCode":"BAD_REQUEST","message":"Err: Specialty not updated in MongoDB check that name exists within data.","level":"error"}
{"errorCode":"NOT_FOUND","message":"Err: Specialty not found within database for deletion.","level":"error"}
{"errorCode":"BAD_REQUEST","message":"Err: Missing input parameters.","level":"error"}
{"errorCode":"NOT_FOUND","message":"Err: Provider not found.","level":"error"}
{"errorCode":"NOT_FOUND","message":"Err: Provider not found.","level":"error"}
{"errorCode":"BAD_REQUEST","message":"Err: Provider not updated in MongoDB check that email exists within data.","level":"error"}
{"errorCode":"NOT_FOUND","message":"Err: Provider not found within database for deletion.","level":"error"}
{"errorCode":"BAD_REQUEST","message":"Err: Missing input parameters.","level":"error"}
{"errorCode":"NOT_FOUND","message":"Err: Specialty of provider not found.","level":"error"}
{"errorCode":"NOT_FOUND","message":"Err: Specialty not found.","level":"error"}
{"errorCode":"BAD_REQUEST","message":"Err: Specialty not updated in MongoDB check that name exists within data.","level":"error"}
{"errorCode":"NOT_FOUND","message":"Err: Specialty not found within database for deletion.","level":"error"}
{"errorCode":"BAD_REQUEST","message":"Err: Missing input parameters.","level":"error"}
{"errorCode":"NOT_FOUND","message":"Err: Provider not found.","level":"error"}
{"errorCode":"NOT_FOUND","message":"Err: Provider not found.","level":"error"}
{"errorCode":"BAD_REQUEST","message":"Err: Provider not updated in MongoDB check that email exists within data.","level":"error"}
{"errorCode":"NOT_FOUND","message":"Err: Provider not found within database for deletion.","level":"error"}
{"errorCode":"BAD_REQUEST","message":"Err: Missing input parameters.","level":"error"}
{"errorCode":"NOT_FOUND","message":"Err: Specialty of provider not found.","level":"error"}
{"errorCode":"NOT_FOUND","message":"Err: Specialty not found.","level":"error"}
{"errorCode":"BAD_REQUEST","message":"Err: Specialty not updated in MongoDB check that name exists within data.","level":"error"}
{"errorCode":"NOT_FOUND","message":"Err: Specialty not found within database for deletion.","level":"error"}
{"errorCode":"BAD_REQUEST","message":"Err: Missing input parameters.","level":"error"}
{"errorCode":"NOT_FOUND","message":"Err: Provider not found.","level":"error"}
{"errorCode":"NOT_FOUND","message":"Err: Provider not found.","level":"error"}
{"errorCode":"BAD_REQUEST","message":"Err: Provider not updated in MongoDB check that email exists within data.","level":"error"}
{"errorCode":"NOT_FOUND","message":"Err: Provider not found within database for deletion.","level":"error"}
{"errorCode":"BAD_REQUEST","message":"Err: Missing input parameters.","level":"error"}
{"errorCode":"NOT_FOUND","message":"Err: Specialty of provider not found.","level":"error"}
{"errorCode":"NOT_FOUND","message":"Err: Specialty not found.","level":"error"}
{"errorCode":"BAD_REQUEST","message":"Err: Specialty not updated in MongoDB check that name exists within data.","level":"error"}
{"errorCode":"NOT_FOUND","message":"Err: Specialty not found within database for deletion.","level":"error"}
{"errorCode":"NOT_FOUND","message":"Err: Provider not found.","level":"error"}
{"errorCode":"BAD_REQUEST","message":"Err: Missing input parameters.","level":"error"}
{"errorCode":"BAD_REQUEST","message":"Err: Provider not updated in MongoDB check that email exists within data.","level":"error"}
{"errorCode":"NOT_FOUND","message":"Err: Provider not found.","level":"error"}
{"errorCode":"NOT_FOUND","message":"Err: Provider not found within database for deletion.","level":"error"}
{"errorCode":"NOT_FOUND","message":"Err: Specialty of provider not found.","level":"error"}
{"errorCode":"BAD_REQUEST","message":"Err: Missing input parameters.","level":"error"}
{"errorCode":"BAD_REQUEST","message":"Err: Specialty not updated in MongoDB check that name exists within data.","level":"error"}
{"errorCode":"NOT_FOUND","message":"Err: Specialty not found.","level":"error"}
{"errorCode":"NOT_FOUND","message":"Err: Specialty not found within database for deletion.","level":"error"}
{"errorCode":"BAD_REQUEST","message":"Err: Missing input parameters.","level":"error"}
{"errorCode":"NOT_FOUND","message":"Err: Provider not found.","level":"error"}
{"errorCode":"NOT_FOUND","message":"Err: Provider not found.","level":"error"}
{"errorCode":"BAD_REQUEST","message":"Err: Provider not updated in MongoDB check that email exists within data.","level":"error"}
{"errorCode":"NOT_FOUND","message":"Err: Provider not found within database for deletion.","level":"error"}
{"errorCode":"BAD_REQUEST","message":"Err: Missing input parameters.","level":"error"}
{"errorCode":"NOT_FOUND","message":"Err: Specialty of provider not found.","level":"error"}
{"errorCode":"NOT_FOUND","message":"Err: Specialty not found.","level":"error"}
{"errorCode":"BAD_REQUEST","message":"Err: Specialty not updated in MongoDB check that name exists within data.","level":"error"}
{"errorCode":"NOT_FOUND","message":"Err: Specialty not found within database for deletion.","level":"error"}
{"errorCode":"BAD_REQUEST","message":"Err: Missing input parameters.","level":"error"}
{"errorCode":"NOT_FOUND","message":"Err: Provider not found.","level":"error"}
{"errorCode":"NOT_FOUND","message":"Err: Provider not found.","level":"error"}
{"errorCode":"BAD_REQUEST","message":"Err: Provider not updated in MongoDB check that email exists within data.","level":"error"}
{"errorCode":"NOT_FOUND","message":"Err: Provider not found within database for deletion.","level":"error"}
{"errorCode":"BAD_REQUEST","message":"Err: Missing input parameters.","level":"error"}
{"errorCode":"NOT_FOUND","message":"Err: Specialty of provider not found.","level":"error"}
{"errorCode":"NOT_FOUND","message":"Err: Specialty not found.","level":"error"}
{"errorCode":"BAD_REQUEST","message":"Err: Specialty not updated in MongoDB check that name exists within data.","level":"error"}
{"errorCode":"NOT_FOUND","message":"Err: Specialty not found within database for deletion.","level":"error"}
{"errorCode":"BAD_REQUEST","message":"Err: Missing input parameters.","level":"error"}
{"errorCode":"NOT_FOUND","message":"Err: Provider not found.","level":"error"}
{"errorCode":"NOT_FOUND","message":"Err: Provider not found.","level":"error"}
{"errorCode":"BAD_REQUEST","message":"Err: Provider not updated in MongoDB check that email exists within data.","level":"error"}
{"errorCode":"NOT_FOUND","message":"Err: Provider not found within database for deletion.","level":"error"}
{"errorCode":"BAD_REQUEST","message":"Err: Missing input parameters.","level":"error"}
{"errorCode":"NOT_FOUND","message":"Err: Specialty of provider not found.","level":"error"}
{"errorCode":"NOT_FOUND","message":"Err: Specialty not found.","level":"error"}
{"errorCode":"BAD_REQUEST","message":"Err: Specialty not updated in MongoDB check that name exists within data.","level":"error"}
{"errorCode":"NOT_FOUND","message":"Err: Specialty not found within database for deletion.","level":"error"}
{"errorCode":"BAD_REQUEST","message":"Err: Missing input parameters.","level":"error"}
{"errorCode":"NOT_FOUND","message":"Err: Provider not found.","level":"error"}
{"errorCode":"NOT_FOUND","message":"Err: Provider not found.","level":"error"}
{"errorCode":"BAD_REQUEST","message":"Err: Provider not updated in MongoDB check that email exists within data.","level":"error"}
{"errorCode":"NOT_FOUND","message":"Err: Provider not found within database for deletion.","level":"error"}
{"errorCode":"BAD_REQUEST","message":"Err: Missing input parameters.","level":"error"}
{"errorCode":"NOT_FOUND","message":"Err: Specialty of provider not found.","level":"error"}
{"errorCode":"NOT_FOUND","message":"Err: Specialty not found.","level":"error"}
{"errorCode":"BAD_REQUEST","message":"Err: Specialty not updated in MongoDB check that name exists within data.","level":"error"}
{"errorCode":"NOT_FOUND","message":"Err: Specialty not found within database for deletion.","level":"error"}
{"errorCode":"BAD_REQUEST","message":"Err: Missing input parameters.","level":"error"}
{"errorCode":"NOT_FOUND","message":"Err: Provider not found.","level":"error"}
{"errorCode":"NOT_FOUND","message":"Err: Provider not found.","level":"error"}
{"errorCode":"BAD_REQUEST","message":"Err: Provider not updated in MongoDB check that email exists within data.","level":"error"}
{"errorCode":"NOT_FOUND","message":"Err: Provider not found within database for deletion.","level":"error"}
{"errorCode":"BAD_REQUEST","message":"Err: Missing input parameters.","level":"error"}
{"errorCode":"NOT_FOUND","message":"Err: Specialty of provider not found.","level":"error"}
{"errorCode":"NOT_FOUND","message":"Err: Specialty not found.","level":"error"}
{"errorCode":"BAD_REQUEST","message":"Err: Specialty not updated in MongoDB check that name exists within data.","level":"error"}
{"errorCode":"NOT_FOUND","message":"Err: Specialty not found within database for deletion.","level":"error"}
{"errorCode":"BAD_REQUEST","message":"Err: Missing input parameters.","level":"error"}
{"errorCode":"NOT_FOUND","message":"Err: Provider not found.","level":"error"}
{"errorCode":"NOT_FOUND","message":"Err: Provider not found.","level":"error"}
{"errorCode":"BAD_REQUEST","message":"Err: Provider not updated in MongoDB check that email exists within data.","level":"error"}
{"errorCode":"NOT_FOUND","message":"Err: Provider not found within database for deletion.","level":"error"}
{"errorCode":"BAD_REQUEST","message":"Err: Missing input parameters.","level":"error"}
{"errorCode":"NOT_FOUND","message":"Err: Specialty of provider not found.","level":"error"}
{"errorCode":"NOT_FOUND","message":"Err: Specialty not found.","level":"error"}
{"errorCode":"BAD_REQUEST","message":"Err: Specialty not updated in MongoDB check that name exists within data.","level":"error"}
{"errorCode":"NOT_FOUND","message":"Err: Specialty not found within database for deletion.","level":"error"}
{"errorCode":"BAD_REQUEST","message":"Err: Missing input parameters.","level":"error"}
{"errorCode":"NOT_FOUND","message":"Err: Provider not found.","level":"error"}
{"errorCode":"NOT_FOUND","message":"Err: Provider not found.","level":"error"}
{"errorCode":"BAD_REQUEST","message":"Err: Provider not updated in MongoDB check that email exists within data.","level":"error"}
{"errorCode":"NOT_FOUND","message":"Err: Provider not found within database for deletion.","level":"error"}
{"errorCode":"BAD_REQUEST","message":"Err: Missing input parameters.","level":"error"}
{"errorCode":"NOT_FOUND","message":"Err: Specialty of provider not found.","level":"error"}
{"errorCode":"NOT_FOUND","message":"Err: Specialty not found.","level":"error"}
{"errorCode":"BAD_REQUEST","message":"Err: Specialty not updated in MongoDB check that name exists within data.","level":"error"}
{"errorCode":"NOT_FOUND","message":"Err: Specialty not found within database for deletion.","level":"error"}
{"errorCode":"BAD_REQUEST","message":"Err: Missing input parameters.","level":"error"}
{"errorCode":"NOT_FOUND","message":"Err: Provider not found.","level":"error"}
{"errorCode":"NOT_FOUND","message":"Err: Provider not found.","level":"error"}
{"errorCode":"BAD_REQUEST","message":"Err: Provider not updated in MongoDB check that email exists within data.","level":"error"}
{"errorCode":"NOT_FOUND","message":"Err: Provider not found within database for deletion.","level":"error"}
{"errorCode":"BAD_REQUEST","message":"Err: Missing input parameters.","level":"error"}
{"errorCode":"NOT_FOUND","message":"Err: Specialty of provider not found.","level":"error"}
{"errorCode":"NOT_FOUND","message":"Err: Specialty not found.","level":"error"}
{"errorCode":"BAD_REQUEST","message":"Err: Specialty not updated in MongoDB check that name exists within data.","level":"error"}
{"errorCode":"NOT_FOUND","message":"Err: Specialty not found within database for deletion.","level":"error"}
{"errorCode":"NOT_FOUND","message":"Err: Specialty of provider not found.","level":"error"}
{"errorCode":"BAD_REQUEST","message":"Err: Missing input parameters.","level":"error"}
{"errorCode":"NOT_FOUND","message":"Err: Provider not found.","level":"error"}
{"errorCode":"NOT_FOUND","message":"Err: Provider not found.","level":"error"}
{"errorCode":"BAD_REQUEST","message":"Err: Provider not updated in MongoDB check that email exists within data.","level":"error"}
{"errorCode":"NOT_FOUND","message":"Err: Provider not found within database for deletion.","level":"error"}
{"errorCode":"BAD_REQUEST","message":"Err: Missing input parameters.","level":"error"}
{"errorCode":"NOT_FOUND","message":"Err: Specialty of provider not found.","level":"error"}
{"errorCode":"NOT_FOUND","message":"Err: Specialty not found.","level":"error"}
{"errorCode":"BAD_REQUEST","message":"Err: Specialty not updated in MongoDB check that name exists within data.","level":"error"}
{"errorCode":"NOT_FOUND","message":"Err: Specialty not found within database for deletion.","level":"error"}
{"errorCode":"BAD_REQUEST","message":"Err: Missing input parameters.","level":"error"}
{"errorCode":"NOT_FOUND","message":"Err: Provider not found.","level":"error"}
{"errorCode":"NOT_FOUND","message":"Err: Provider not found.","level":"error"}
{"errorCode":"BAD_REQUEST","message":"Err: Provider not updated in MongoDB check that email exists within data.","level":"error"}
{"errorCode":"NOT_FOUND","message":"Err: Provider not found within database for deletion.","level":"error"}
{"errorCode":"BAD_REQUEST","message":"Err: Missing input parameters.","level":"error"}
{"errorCode":"NOT_FOUND","message":"Err: Specialty of provider not found.","level":"error"}
{"errorCode":"NOT_FOUND","message":"Err: Specialty not found.","level":"error"}
{"errorCode":"BAD_REQUEST","message":"Err: Specialty not updated in MongoDB check that name exists within data.","level":"error"}
{"errorCode":"NOT_FOUND","message":"Err: Specialty not found within database for deletion.","level":"error"}
{"errorCode":"BAD_REQUEST","message":"Err: Missing input parameters.","level":"error"}
{"errorCode":"NOT_FOUND","message":"Err: Provider not found.","level":"error"}
{"errorCode":"NOT_FOUND","message":"Err: Provider not found.","level":"error"}
{"errorCode":"BAD_REQUEST","message":"Err: Provider not updated in MongoDB check that email exists within data.","level":"error"}
{"errorCode":"NOT_FOUND","message":"Err: Provider not found within database for deletion.","level":"error"}
{"errorCode":"BAD_REQUEST","message":"Err: Missing input parameters.","level":"error"}
{"errorCode":"NOT_FOUND","message":"Err: Specialty of provider not found.","level":"error"}
{"errorCode":"NOT_FOUND","message":"Err: Specialty not found.","level":"error"}
{"errorCode":"BAD_REQUEST","message":"Err: Specialty not updated in MongoDB check that name exists within data.","level":"error"}
{"errorCode":"NOT_FOUND","message":"Err: Specialty not found within database for deletion.","level":"error"}
{"errorCode":"BAD_REQUEST","message":"Err: Missing input parameters.","level":"error"}
{"errorCode":"NOT_FOUND","message":"Err: Provider not found.","level":"error"}
{"errorCode":"NOT_FOUND","message":"Err: Provider not found.","level":"error"}
{"errorCode":"BAD_REQUEST","message":"Err: Provider not updated in MongoDB check that email exists within data.","level":"error"}
{"errorCode":"NOT_FOUND","message":"Err: Provider not found within database for deletion.","level":"error"}
{"errorCode":"BAD_REQUEST","message":"Err: Missing input parameters.","level":"error"}
{"errorCode":"NOT_FOUND","message":"Err: Specialty of provider not found.","level":"error"}
{"errorCode":"NOT_FOUND","message":"Err: Specialty not found.","level":"error"}
{"errorCode":"BAD_REQUEST","message":"Err: Specialty not updated in MongoDB check that name exists within data.","level":"error"}
{"errorCode":"NOT_FOUND","message":"Err: Specialty not found within database for deletion.","level":"error"}
{"errorCode":"BAD_REQUEST","message":"Err: Missing input parameters.","level":"error"}
{"errorCode":"NOT_FOUND","message":"Err: Provider not found.","level":"error"}
{"errorCode":"NOT_FOUND","message":"Err: Provider not found.","level":"error"}
{"errorCode":"BAD_REQUEST","message":"Err: Provider not updated in MongoDB check that email exists within data.","level":"error"}
{"errorCode":"NOT_FOUND","message":"Err: Provider not found within database for deletion.","level":"error"}
{"errorCode":"BAD_REQUEST","message":"Err: Missing input parameters.","level":"error"}
{"errorCode":"NOT_FOUND","message":"Err: Specialty of provider not found.","level":"error"}
{"errorCode":"NOT_FOUND","message":"Err: Specialty not found.","level":"error"}
{"errorCode":"BAD_REQUEST","message":"Err: Specialty not updated in MongoDB check that name exists within data.","level":"error"}
{"errorCode":"NOT_FOUND","message":"Err: Specialty not found within database for deletion.","level":"error"}
{"errorCode":"NOT_FOUND","message":"Err: Provider not found.","level":"error"}
{"errorCode":"NOT_FOUND","message":"Err: Provider not found.","level":"error"}
{"errorCode":"NOT_FOUND","message":"Err: Provider not found.","level":"error"}
{"errorCode":"NOT_FOUND","message":"Err: Provider not found.","level":"error"}
{"errorCode":"NOT_FOUND","message":"Err: Provider not found.","level":"error"}
{"errorCode":"NOT_FOUND","message":"Err: Provider not found.","level":"error"}
{"errorCode":"NOT_FOUND","message":"Err: Provider not found.","level":"error"}
{"errorCode":"NOT_FOUND","message":"Err: Provider not found.","level":"error"}
